{"C:\\Users\\kaib1\\OneDrive\\Desktop\\Projects\\PokeBot 2\\src\\main\\crypto.js": {"path":"C:\\Users\\kaib1\\OneDrive\\Desktop\\Projects\\PokeBot 2\\src\\main\\crypto.js","statementMap":{"0":{"start":{"line":3,"column":20},"end":{"line":3,"column":null}},"1":{"start":{"line":11,"column":2},"end":{"line":11,"column":null}},"2":{"start":{"line":15,"column":12},"end":{"line":15,"column":null}},"3":{"start":{"line":16,"column":16},"end":{"line":16,"column":null}},"4":{"start":{"line":17,"column":20},"end":{"line":17,"column":null}},"5":{"start":{"line":18,"column":14},"end":{"line":18,"column":null}},"6":{"start":{"line":19,"column":2},"end":{"line":19,"column":null}},"7":{"start":{"line":23,"column":14},"end":{"line":23,"column":null}},"8":{"start":{"line":24,"column":13},"end":{"line":24,"column":null}},"9":{"start":{"line":25,"column":14},"end":{"line":25,"column":null}},"10":{"start":{"line":26,"column":20},"end":{"line":26,"column":null}},"11":{"start":{"line":27,"column":18},"end":{"line":27,"column":null}},"12":{"start":{"line":28,"column":2},"end":{"line":28,"column":null}},"13":{"start":{"line":29,"column":2},"end":{"line":29,"column":null}},"14":{"start":{"line":36,"column":2},"end":{"line":36,"column":null}}},"fnMap":{"0":{"name":"deriveKey","decl":{"start":{"line":10,"column":16},"end":{"line":10,"column":25}},"loc":{"start":{"line":10,"column":56},"end":{"line":12,"column":null}},"line":10},"1":{"name":"encrypt","decl":{"start":{"line":14,"column":16},"end":{"line":14,"column":23}},"loc":{"start":{"line":14,"column":40},"end":{"line":20,"column":null}},"line":14},"2":{"name":"decrypt","decl":{"start":{"line":22,"column":16},"end":{"line":22,"column":23}},"loc":{"start":{"line":22,"column":41},"end":{"line":30,"column":null}},"line":22},"3":{"name":"deriveKeyLegacy","decl":{"start":{"line":35,"column":16},"end":{"line":35,"column":31}},"loc":{"start":{"line":35,"column":42},"end":{"line":37,"column":null}},"line":35}},"branchMap":{"0":{"loc":{"start":{"line":10,"column":36},"end":{"line":10,"column":54}},"type":"default-arg","locations":[{"start":{"line":10,"column":43},"end":{"line":10,"column":54}}],"line":10}},"s":{"0":6,"1":17,"2":19,"3":19,"4":19,"5":19,"6":19,"7":7,"8":7,"9":7,"10":7,"11":7,"12":7,"13":7,"14":0},"f":{"0":17,"1":19,"2":7,"3":0},"b":{"0":[17]},"meta":{"lastBranch":1,"lastFunction":4,"lastStatement":15,"seen":{"s:3:20:3:Infinity":0,"f:10:16:10:25":0,"b:10:43:10:54":0,"s:11:2:11:Infinity":1,"f:14:16:14:23":1,"s:15:12:15:Infinity":2,"s:16:16:16:Infinity":3,"s:17:20:17:Infinity":4,"s:18:14:18:Infinity":5,"s:19:2:19:Infinity":6,"f:22:16:22:23":2,"s:23:14:23:Infinity":7,"s:24:13:24:Infinity":8,"s:25:14:25:Infinity":9,"s:26:20:26:Infinity":10,"s:27:18:27:Infinity":11,"s:28:2:28:Infinity":12,"s:29:2:29:Infinity":13,"f:35:16:35:31":3,"s:36:2:36:Infinity":14},"fnNames":{}}}
,"C:\\Users\\kaib1\\OneDrive\\Desktop\\Projects\\PokeBot 2\\src\\main\\db.js": {"path":"C:\\Users\\kaib1\\OneDrive\\Desktop\\Projects\\PokeBot 2\\src\\main\\db.js","statementMap":{"0":{"start":{"line":6,"column":15},"end":{"line":6,"column":null}},"1":{"start":{"line":7,"column":11},"end":{"line":7,"column":null}},"2":{"start":{"line":9,"column":22},"end":{"line":82,"column":null}},"3":{"start":{"line":87,"column":2},"end":{"line":87,"column":null}},"4":{"start":{"line":87,"column":10},"end":{"line":87,"column":null}},"5":{"start":{"line":88,"column":2},"end":{"line":88,"column":null}},"6":{"start":{"line":89,"column":2},"end":{"line":89,"column":null}},"7":{"start":{"line":90,"column":2},"end":{"line":90,"column":null}},"8":{"start":{"line":93,"column":2},"end":{"line":98,"column":null}},"9":{"start":{"line":94,"column":3},"end":{"line":94,"column":null}},"10":{"start":{"line":96,"column":4},"end":{"line":96,"column":null}},"11":{"start":{"line":97,"column":4},"end":{"line":97,"column":null}},"12":{"start":{"line":101,"column":2},"end":{"line":168,"column":null}},"13":{"start":{"line":170,"column":22},"end":{"line":173,"column":null}},"14":{"start":{"line":173,"column":21},"end":{"line":173,"column":32}},"15":{"start":{"line":174,"column":2},"end":{"line":176,"column":null}},"16":{"start":{"line":175,"column":4},"end":{"line":175,"column":null}},"17":{"start":{"line":177,"column":2},"end":{"line":179,"column":null}},"18":{"start":{"line":178,"column":4},"end":{"line":178,"column":null}},"19":{"start":{"line":181,"column":25},"end":{"line":184,"column":null}},"20":{"start":{"line":184,"column":21},"end":{"line":184,"column":32}},"21":{"start":{"line":185,"column":2},"end":{"line":187,"column":null}},"22":{"start":{"line":186,"column":4},"end":{"line":186,"column":null}},"23":{"start":{"line":191,"column":2},"end":{"line":191,"column":null}},"24":{"start":{"line":191,"column":11},"end":{"line":191,"column":null}},"25":{"start":{"line":192,"column":2},"end":{"line":192,"column":null}},"26":{"start":{"line":196,"column":2},"end":{"line":202,"column":null}},"27":{"start":{"line":197,"column":21},"end":{"line":197,"column":null}},"28":{"start":{"line":198,"column":4},"end":{"line":198,"column":null}},"29":{"start":{"line":200,"column":4},"end":{"line":200,"column":null}},"30":{"start":{"line":201,"column":4},"end":{"line":201,"column":null}},"31":{"start":{"line":207,"column":4},"end":{"line":207,"column":null}},"32":{"start":{"line":208,"column":4},"end":{"line":208,"column":null}},"33":{"start":{"line":209,"column":4},"end":{"line":209,"column":null}},"34":{"start":{"line":210,"column":4},"end":{"line":210,"column":27}},"35":{"start":{"line":216,"column":4},"end":{"line":216,"column":null}},"36":{"start":{"line":220,"column":4},"end":{"line":223,"column":null}},"37":{"start":{"line":221,"column":6},"end":{"line":221,"column":null}},"38":{"start":{"line":222,"column":6},"end":{"line":222,"column":null}},"39":{"start":{"line":224,"column":4},"end":{"line":224,"column":null}},"40":{"start":{"line":228,"column":4},"end":{"line":228,"column":null}},"41":{"start":{"line":233,"column":4},"end":{"line":235,"column":null}},"42":{"start":{"line":234,"column":6},"end":{"line":234,"column":null}},"43":{"start":{"line":236,"column":4},"end":{"line":239,"column":null}},"44":{"start":{"line":237,"column":6},"end":{"line":237,"column":null}},"45":{"start":{"line":238,"column":6},"end":{"line":238,"column":null}},"46":{"start":{"line":243,"column":4},"end":{"line":247,"column":null}},"47":{"start":{"line":244,"column":5},"end":{"line":244,"column":null}},"48":{"start":{"line":246,"column":6},"end":{"line":246,"column":null}},"49":{"start":{"line":253,"column":4},"end":{"line":253,"column":null}},"50":{"start":{"line":254,"column":4},"end":{"line":254,"column":null}},"51":{"start":{"line":258,"column":4},"end":{"line":261,"column":null}},"52":{"start":{"line":259,"column":20},"end":{"line":259,"column":null}},"53":{"start":{"line":260,"column":6},"end":{"line":260,"column":null}},"54":{"start":{"line":260,"column":62},"end":{"line":260,"column":75}},"55":{"start":{"line":262,"column":4},"end":{"line":265,"column":null}},"56":{"start":{"line":263,"column":20},"end":{"line":263,"column":null}},"57":{"start":{"line":264,"column":6},"end":{"line":264,"column":null}},"58":{"start":{"line":266,"column":4},"end":{"line":266,"column":null}},"59":{"start":{"line":270,"column":4},"end":{"line":270,"column":null}},"60":{"start":{"line":274,"column":4},"end":{"line":274,"column":null}},"61":{"start":{"line":274,"column":44},"end":{"line":274,"column":null}},"62":{"start":{"line":275,"column":4},"end":{"line":275,"column":null}},"63":{"start":{"line":275,"column":39},"end":{"line":275,"column":null}},"64":{"start":{"line":276,"column":4},"end":{"line":276,"column":null}},"65":{"start":{"line":276,"column":39},"end":{"line":276,"column":null}},"66":{"start":{"line":277,"column":4},"end":{"line":277,"column":null}},"67":{"start":{"line":277,"column":39},"end":{"line":277,"column":null}},"68":{"start":{"line":278,"column":4},"end":{"line":278,"column":null}},"69":{"start":{"line":282,"column":18},"end":{"line":282,"column":null}},"70":{"start":{"line":283,"column":4},"end":{"line":283,"column":null}},"71":{"start":{"line":283,"column":16},"end":{"line":283,"column":null}},"72":{"start":{"line":285,"column":43},"end":{"line":285,"column":null}},"73":{"start":{"line":286,"column":15},"end":{"line":286,"column":null}},"74":{"start":{"line":287,"column":4},"end":{"line":287,"column":null}},"75":{"start":{"line":287,"column":21},"end":{"line":287,"column":null}},"76":{"start":{"line":287,"column":49},"end":{"line":287,"column":77}},"77":{"start":{"line":288,"column":4},"end":{"line":288,"column":null}},"78":{"start":{"line":288,"column":24},"end":{"line":288,"column":null}},"79":{"start":{"line":288,"column":50},"end":{"line":288,"column":60}},"80":{"start":{"line":290,"column":20},"end":{"line":290,"column":null}},"81":{"start":{"line":290,"column":53},"end":{"line":290,"column":65}},"82":{"start":{"line":291,"column":4},"end":{"line":293,"column":null}},"83":{"start":{"line":292,"column":6},"end":{"line":292,"column":null}},"84":{"start":{"line":292,"column":49},"end":{"line":292,"column":78}},"85":{"start":{"line":297,"column":18},"end":{"line":297,"column":null}},"86":{"start":{"line":298,"column":4},"end":{"line":298,"column":null}},"87":{"start":{"line":298,"column":16},"end":{"line":298,"column":null}},"88":{"start":{"line":300,"column":34},"end":{"line":300,"column":null}},"89":{"start":{"line":301,"column":20},"end":{"line":301,"column":null}},"90":{"start":{"line":301,"column":58},"end":{"line":301,"column":71}},"91":{"start":{"line":302,"column":16},"end":{"line":302,"column":null}},"92":{"start":{"line":302,"column":66},"end":{"line":302,"column":95}},"93":{"start":{"line":303,"column":4},"end":{"line":303,"column":null}},"94":{"start":{"line":305,"column":4},"end":{"line":315,"column":null}},"95":{"start":{"line":307,"column":8},"end":{"line":311,"column":null}},"96":{"start":{"line":312,"column":6},"end":{"line":314,"column":null}},"97":{"start":{"line":313,"column":22},"end":{"line":313,"column":null}},"98":{"start":{"line":317,"column":4},"end":{"line":317,"column":null}},"99":{"start":{"line":318,"column":4},"end":{"line":318,"column":null}},"100":{"start":{"line":319,"column":4},"end":{"line":319,"column":null}},"101":{"start":{"line":323,"column":18},"end":{"line":323,"column":null}},"102":{"start":{"line":324,"column":4},"end":{"line":324,"column":null}},"103":{"start":{"line":324,"column":16},"end":{"line":324,"column":null}},"104":{"start":{"line":326,"column":43},"end":{"line":326,"column":null}},"105":{"start":{"line":327,"column":18},"end":{"line":327,"column":null}},"106":{"start":{"line":328,"column":4},"end":{"line":333,"column":null}},"107":{"start":{"line":329,"column":6},"end":{"line":332,"column":null}},"108":{"start":{"line":330,"column":8},"end":{"line":330,"column":null}},"109":{"start":{"line":331,"column":8},"end":{"line":331,"column":null}},"110":{"start":{"line":334,"column":4},"end":{"line":334,"column":null}},"111":{"start":{"line":335,"column":4},"end":{"line":335,"column":null}},"112":{"start":{"line":339,"column":18},"end":{"line":339,"column":null}},"113":{"start":{"line":340,"column":4},"end":{"line":340,"column":null}},"114":{"start":{"line":340,"column":16},"end":{"line":340,"column":null}},"115":{"start":{"line":342,"column":35},"end":{"line":342,"column":null}},"116":{"start":{"line":343,"column":19},"end":{"line":343,"column":null}},"117":{"start":{"line":344,"column":4},"end":{"line":344,"column":null}},"118":{"start":{"line":344,"column":66},"end":{"line":344,"column":94}},"119":{"start":{"line":345,"column":4},"end":{"line":345,"column":null}},"120":{"start":{"line":346,"column":4},"end":{"line":346,"column":null}},"121":{"start":{"line":350,"column":4},"end":{"line":350,"column":null}},"122":{"start":{"line":355,"column":16},"end":{"line":355,"column":null}},"123":{"start":{"line":356,"column":2},"end":{"line":358,"column":null}},"124":{"start":{"line":357,"column":4},"end":{"line":357,"column":null}},"125":{"start":{"line":359,"column":2},"end":{"line":359,"column":null}},"126":{"start":{"line":363,"column":2},"end":{"line":363,"column":null}},"127":{"start":{"line":363,"column":51},"end":{"line":363,"column":null}},"128":{"start":{"line":364,"column":2},"end":{"line":364,"column":null}},"129":{"start":{"line":368,"column":2},"end":{"line":375,"column":null}},"130":{"start":{"line":369,"column":17},"end":{"line":369,"column":null}},"131":{"start":{"line":370,"column":4},"end":{"line":372,"column":null}},"132":{"start":{"line":371,"column":86},"end":{"line":371,"column":99}},"133":{"start":{"line":374,"column":4},"end":{"line":374,"column":null}},"134":{"start":{"line":379,"column":2},"end":{"line":379,"column":null}},"135":{"start":{"line":383,"column":14},"end":{"line":383,"column":null}},"136":{"start":{"line":384,"column":2},"end":{"line":387,"column":null}},"137":{"start":{"line":385,"column":4},"end":{"line":385,"column":null}},"138":{"start":{"line":386,"column":4},"end":{"line":386,"column":null}},"139":{"start":{"line":388,"column":2},"end":{"line":391,"column":null}},"140":{"start":{"line":389,"column":4},"end":{"line":389,"column":null}},"141":{"start":{"line":390,"column":4},"end":{"line":390,"column":null}},"142":{"start":{"line":392,"column":2},"end":{"line":392,"column":null}},"143":{"start":{"line":392,"column":32},"end":{"line":392,"column":null}},"144":{"start":{"line":393,"column":2},"end":{"line":397,"column":null}},"145":{"start":{"line":394,"column":4},"end":{"line":394,"column":null}},"146":{"start":{"line":395,"column":4},"end":{"line":395,"column":null}},"147":{"start":{"line":396,"column":4},"end":{"line":396,"column":null}},"148":{"start":{"line":398,"column":2},"end":{"line":398,"column":null}},"149":{"start":{"line":398,"column":43},"end":{"line":398,"column":null}}},"fnMap":{"0":{"name":"initDb","decl":{"start":{"line":86,"column":16},"end":{"line":86,"column":22}},"loc":{"start":{"line":86,"column":31},"end":{"line":188,"column":null}},"line":86},"1":{"name":"(anonymous_1)","decl":{"start":{"line":173,"column":9},"end":{"line":173,"column":10}},"loc":{"start":{"line":173,"column":21},"end":{"line":173,"column":32}},"line":173},"2":{"name":"(anonymous_2)","decl":{"start":{"line":184,"column":9},"end":{"line":184,"column":10}},"loc":{"start":{"line":184,"column":21},"end":{"line":184,"column":32}},"line":184},"3":{"name":"getDb","decl":{"start":{"line":190,"column":16},"end":{"line":190,"column":21}},"loc":{"start":{"line":190,"column":24},"end":{"line":193,"column":null}},"line":190},"4":{"name":"createSqliteDb","decl":{"start":{"line":195,"column":9},"end":{"line":195,"column":23}},"loc":{"start":{"line":195,"column":32},"end":{"line":203,"column":null}},"line":195},"5":{"name":"constructor","decl":{"start":{"line":206,"column":2},"end":{"line":206,"column":13}},"loc":{"start":{"line":206,"column":22},"end":{"line":211,"column":null}},"line":206},"6":{"name":"pragma","decl":{"start":{"line":213,"column":2},"end":{"line":213,"column":8}},"loc":{"start":{"line":213,"column":11},"end":{"line":213,"column":null}},"line":213},"7":{"name":"exec","decl":{"start":{"line":215,"column":2},"end":{"line":215,"column":6}},"loc":{"start":{"line":215,"column":9},"end":{"line":217,"column":null}},"line":215},"8":{"name":"close","decl":{"start":{"line":219,"column":2},"end":{"line":219,"column":7}},"loc":{"start":{"line":219,"column":10},"end":{"line":225,"column":null}},"line":219},"9":{"name":"prepare","decl":{"start":{"line":227,"column":2},"end":{"line":227,"column":9}},"loc":{"start":{"line":227,"column":15},"end":{"line":229,"column":null}},"line":227},"10":{"name":"_flush","decl":{"start":{"line":231,"column":2},"end":{"line":231,"column":8}},"loc":{"start":{"line":231,"column":11},"end":{"line":240,"column":null}},"line":231},"11":{"name":"(anonymous_11)","decl":{"start":{"line":236,"column":34},"end":{"line":236,"column":35}},"loc":{"start":{"line":236,"column":40},"end":{"line":239,"column":5}},"line":236},"12":{"name":"_flushImmediate","decl":{"start":{"line":242,"column":2},"end":{"line":242,"column":17}},"loc":{"start":{"line":242,"column":20},"end":{"line":248,"column":null}},"line":242},"13":{"name":"constructor_2","decl":{"start":{"line":252,"column":2},"end":{"line":252,"column":13}},"loc":{"start":{"line":252,"column":23},"end":{"line":255,"column":null}},"line":252},"14":{"name":"all","decl":{"start":{"line":257,"column":2},"end":{"line":257,"column":5}},"loc":{"start":{"line":257,"column":15},"end":{"line":267,"column":null}},"line":257},"15":{"name":"(anonymous_15)","decl":{"start":{"line":260,"column":46},"end":{"line":260,"column":47}},"loc":{"start":{"line":260,"column":62},"end":{"line":260,"column":75}},"line":260},"16":{"name":"get","decl":{"start":{"line":269,"column":2},"end":{"line":269,"column":5}},"loc":{"start":{"line":269,"column":15},"end":{"line":271,"column":null}},"line":269},"17":{"name":"run","decl":{"start":{"line":273,"column":2},"end":{"line":273,"column":5}},"loc":{"start":{"line":273,"column":15},"end":{"line":279,"column":null}},"line":273},"18":{"name":"_select","decl":{"start":{"line":281,"column":2},"end":{"line":281,"column":9}},"loc":{"start":{"line":281,"column":16},"end":{"line":294,"column":null}},"line":281},"19":{"name":"(anonymous_19)","decl":{"start":{"line":287,"column":40},"end":{"line":287,"column":41}},"loc":{"start":{"line":287,"column":49},"end":{"line":287,"column":77}},"line":287},"20":{"name":"(anonymous_20)","decl":{"start":{"line":288,"column":40},"end":{"line":288,"column":41}},"loc":{"start":{"line":288,"column":50},"end":{"line":288,"column":60}},"line":288},"21":{"name":"(anonymous_21)","decl":{"start":{"line":290,"column":42},"end":{"line":290,"column":43}},"loc":{"start":{"line":290,"column":53},"end":{"line":290,"column":65}},"line":290},"22":{"name":"(anonymous_22)","decl":{"start":{"line":291,"column":20},"end":{"line":291,"column":21}},"loc":{"start":{"line":292,"column":6},"end":{"line":292,"column":null}},"line":292},"23":{"name":"(anonymous_23)","decl":{"start":{"line":292,"column":37},"end":{"line":292,"column":38}},"loc":{"start":{"line":292,"column":49},"end":{"line":292,"column":78}},"line":292},"24":{"name":"_insert","decl":{"start":{"line":296,"column":2},"end":{"line":296,"column":9}},"loc":{"start":{"line":296,"column":16},"end":{"line":320,"column":null}},"line":296},"25":{"name":"(anonymous_25)","decl":{"start":{"line":301,"column":46},"end":{"line":301,"column":47}},"loc":{"start":{"line":301,"column":58},"end":{"line":301,"column":71}},"line":301},"26":{"name":"(anonymous_26)","decl":{"start":{"line":302,"column":47},"end":{"line":302,"column":48}},"loc":{"start":{"line":302,"column":66},"end":{"line":302,"column":95}},"line":302},"27":{"name":"(anonymous_27)","decl":{"start":{"line":313,"column":8},"end":{"line":313,"column":9}},"loc":{"start":{"line":313,"column":22},"end":{"line":313,"column":null}},"line":313},"28":{"name":"_update","decl":{"start":{"line":322,"column":2},"end":{"line":322,"column":9}},"loc":{"start":{"line":322,"column":16},"end":{"line":336,"column":null}},"line":322},"29":{"name":"_delete","decl":{"start":{"line":338,"column":2},"end":{"line":338,"column":9}},"loc":{"start":{"line":338,"column":16},"end":{"line":347,"column":null}},"line":338},"30":{"name":"(anonymous_30)","decl":{"start":{"line":344,"column":57},"end":{"line":344,"column":58}},"loc":{"start":{"line":344,"column":66},"end":{"line":344,"column":94}},"line":344},"31":{"name":"_ok","decl":{"start":{"line":349,"column":2},"end":{"line":349,"column":5}},"loc":{"start":{"line":349,"column":19},"end":{"line":351,"column":null}},"line":349},"32":{"name":"loadTables","decl":{"start":{"line":354,"column":9},"end":{"line":354,"column":19}},"loc":{"start":{"line":354,"column":26},"end":{"line":360,"column":null}},"line":354},"33":{"name":"getJsonDbPath","decl":{"start":{"line":362,"column":9},"end":{"line":362,"column":22}},"loc":{"start":{"line":362,"column":31},"end":{"line":365,"column":null}},"line":362},"34":{"name":"isJsonDbFile","decl":{"start":{"line":367,"column":9},"end":{"line":367,"column":21}},"loc":{"start":{"line":367,"column":28},"end":{"line":376,"column":null}},"line":367},"35":{"name":"(anonymous_35)","decl":{"start":{"line":371,"column":75},"end":{"line":371,"column":76}},"loc":{"start":{"line":371,"column":86},"end":{"line":371,"column":99}},"line":371},"36":{"name":"firstLine","decl":{"start":{"line":378,"column":9},"end":{"line":378,"column":18}},"loc":{"start":{"line":378,"column":26},"end":{"line":380,"column":null}},"line":378},"37":{"name":"applyDefaults","decl":{"start":{"line":382,"column":9},"end":{"line":382,"column":22}},"loc":{"start":{"line":382,"column":35},"end":{"line":399,"column":null}},"line":382}},"branchMap":{"0":{"loc":{"start":{"line":87,"column":2},"end":{"line":87,"column":null}},"type":"if","locations":[{"start":{"line":87,"column":2},"end":{"line":87,"column":null}},{"start":{},"end":{}}],"line":87},"1":{"loc":{"start":{"line":89,"column":7},"end":{"line":89,"column":null}},"type":"binary-expr","locations":[{"start":{"line":89,"column":7},"end":{"line":89,"column":29}},{"start":{"line":89,"column":33},"end":{"line":89,"column":null}}],"line":89},"2":{"loc":{"start":{"line":174,"column":2},"end":{"line":176,"column":null}},"type":"if","locations":[{"start":{"line":174,"column":2},"end":{"line":176,"column":null}},{"start":{},"end":{}}],"line":174},"3":{"loc":{"start":{"line":177,"column":2},"end":{"line":179,"column":null}},"type":"if","locations":[{"start":{"line":177,"column":2},"end":{"line":179,"column":null}},{"start":{},"end":{}}],"line":177},"4":{"loc":{"start":{"line":185,"column":2},"end":{"line":187,"column":null}},"type":"if","locations":[{"start":{"line":185,"column":2},"end":{"line":187,"column":null}},{"start":{},"end":{}}],"line":185},"5":{"loc":{"start":{"line":191,"column":2},"end":{"line":191,"column":null}},"type":"if","locations":[{"start":{"line":191,"column":2},"end":{"line":191,"column":null}},{"start":{},"end":{}}],"line":191},"6":{"loc":{"start":{"line":220,"column":4},"end":{"line":223,"column":null}},"type":"if","locations":[{"start":{"line":220,"column":4},"end":{"line":223,"column":null}},{"start":{},"end":{}}],"line":220},"7":{"loc":{"start":{"line":233,"column":4},"end":{"line":235,"column":null}},"type":"if","locations":[{"start":{"line":233,"column":4},"end":{"line":235,"column":null}},{"start":{},"end":{}}],"line":233},"8":{"loc":{"start":{"line":258,"column":4},"end":{"line":261,"column":null}},"type":"if","locations":[{"start":{"line":258,"column":4},"end":{"line":261,"column":null}},{"start":{},"end":{}}],"line":258},"9":{"loc":{"start":{"line":260,"column":14},"end":{"line":260,"column":40}},"type":"binary-expr","locations":[{"start":{"line":260,"column":14},"end":{"line":260,"column":34}},{"start":{"line":260,"column":38},"end":{"line":260,"column":40}}],"line":260},"10":{"loc":{"start":{"line":262,"column":4},"end":{"line":265,"column":null}},"type":"if","locations":[{"start":{"line":262,"column":4},"end":{"line":265,"column":null}},{"start":{},"end":{}}],"line":262},"11":{"loc":{"start":{"line":264,"column":13},"end":{"line":264,"column":null}},"type":"cond-expr","locations":[{"start":{"line":264,"column":46},"end":{"line":264,"column":63}},{"start":{"line":264,"column":66},"end":{"line":264,"column":null}}],"line":264},"12":{"loc":{"start":{"line":264,"column":13},"end":{"line":264,"column":43}},"type":"binary-expr","locations":[{"start":{"line":264,"column":13},"end":{"line":264,"column":18}},{"start":{"line":264,"column":22},"end":{"line":264,"column":43}}],"line":264},"13":{"loc":{"start":{"line":274,"column":4},"end":{"line":274,"column":null}},"type":"if","locations":[{"start":{"line":274,"column":4},"end":{"line":274,"column":null}},{"start":{},"end":{}}],"line":274},"14":{"loc":{"start":{"line":275,"column":4},"end":{"line":275,"column":null}},"type":"if","locations":[{"start":{"line":275,"column":4},"end":{"line":275,"column":null}},{"start":{},"end":{}}],"line":275},"15":{"loc":{"start":{"line":276,"column":4},"end":{"line":276,"column":null}},"type":"if","locations":[{"start":{"line":276,"column":4},"end":{"line":276,"column":null}},{"start":{},"end":{}}],"line":276},"16":{"loc":{"start":{"line":277,"column":4},"end":{"line":277,"column":null}},"type":"if","locations":[{"start":{"line":277,"column":4},"end":{"line":277,"column":null}},{"start":{},"end":{}}],"line":277},"17":{"loc":{"start":{"line":283,"column":4},"end":{"line":283,"column":null}},"type":"if","locations":[{"start":{"line":283,"column":4},"end":{"line":283,"column":null}},{"start":{},"end":{}}],"line":283},"18":{"loc":{"start":{"line":286,"column":20},"end":{"line":286,"column":47}},"type":"binary-expr","locations":[{"start":{"line":286,"column":20},"end":{"line":286,"column":41}},{"start":{"line":286,"column":45},"end":{"line":286,"column":47}}],"line":286},"19":{"loc":{"start":{"line":287,"column":4},"end":{"line":287,"column":null}},"type":"if","locations":[{"start":{"line":287,"column":4},"end":{"line":287,"column":null}},{"start":{},"end":{}}],"line":287},"20":{"loc":{"start":{"line":288,"column":4},"end":{"line":288,"column":null}},"type":"if","locations":[{"start":{"line":288,"column":4},"end":{"line":288,"column":null}},{"start":{},"end":{}}],"line":288},"21":{"loc":{"start":{"line":292,"column":58},"end":{"line":292,"column":77}},"type":"binary-expr","locations":[{"start":{"line":292,"column":58},"end":{"line":292,"column":69}},{"start":{"line":292,"column":73},"end":{"line":292,"column":77}}],"line":292},"22":{"loc":{"start":{"line":298,"column":4},"end":{"line":298,"column":null}},"type":"if","locations":[{"start":{"line":298,"column":4},"end":{"line":298,"column":null}},{"start":{},"end":{}}],"line":298},"23":{"loc":{"start":{"line":302,"column":75},"end":{"line":302,"column":94}},"type":"binary-expr","locations":[{"start":{"line":302,"column":75},"end":{"line":302,"column":86}},{"start":{"line":302,"column":90},"end":{"line":302,"column":94}}],"line":302},"24":{"loc":{"start":{"line":305,"column":4},"end":{"line":315,"column":null}},"type":"if","locations":[{"start":{"line":305,"column":4},"end":{"line":315,"column":null}},{"start":{},"end":{}}],"line":305},"25":{"loc":{"start":{"line":307,"column":8},"end":{"line":311,"column":null}},"type":"cond-expr","locations":[{"start":{"line":308,"column":12},"end":{"line":308,"column":null}},{"start":{"line":309,"column":12},"end":{"line":311,"column":null}}],"line":307},"26":{"loc":{"start":{"line":309,"column":12},"end":{"line":311,"column":null}},"type":"cond-expr","locations":[{"start":{"line":310,"column":14},"end":{"line":310,"column":null}},{"start":{"line":311,"column":14},"end":{"line":311,"column":null}}],"line":309},"27":{"loc":{"start":{"line":324,"column":4},"end":{"line":324,"column":null}},"type":"if","locations":[{"start":{"line":324,"column":4},"end":{"line":324,"column":null}},{"start":{},"end":{}}],"line":324},"28":{"loc":{"start":{"line":328,"column":22},"end":{"line":328,"column":49}},"type":"binary-expr","locations":[{"start":{"line":328,"column":22},"end":{"line":328,"column":43}},{"start":{"line":328,"column":47},"end":{"line":328,"column":49}}],"line":328},"29":{"loc":{"start":{"line":329,"column":6},"end":{"line":332,"column":null}},"type":"if","locations":[{"start":{"line":329,"column":6},"end":{"line":332,"column":null}},{"start":{},"end":{}}],"line":329},"30":{"loc":{"start":{"line":340,"column":4},"end":{"line":340,"column":null}},"type":"if","locations":[{"start":{"line":340,"column":4},"end":{"line":340,"column":null}},{"start":{},"end":{}}],"line":340},"31":{"loc":{"start":{"line":349,"column":6},"end":{"line":349,"column":17}},"type":"default-arg","locations":[{"start":{"line":349,"column":16},"end":{"line":349,"column":17}}],"line":349},"32":{"loc":{"start":{"line":355,"column":16},"end":{"line":355,"column":null}},"type":"cond-expr","locations":[{"start":{"line":355,"column":36},"end":{"line":355,"column":74}},{"start":{"line":355,"column":77},"end":{"line":355,"column":null}}],"line":355},"33":{"loc":{"start":{"line":363,"column":2},"end":{"line":363,"column":null}},"type":"if","locations":[{"start":{"line":363,"column":2},"end":{"line":363,"column":null}},{"start":{},"end":{}}],"line":363},"34":{"loc":{"start":{"line":363,"column":6},"end":{"line":363,"column":49}},"type":"binary-expr","locations":[{"start":{"line":363,"column":6},"end":{"line":363,"column":25}},{"start":{"line":363,"column":29},"end":{"line":363,"column":49}}],"line":363},"35":{"loc":{"start":{"line":371,"column":6},"end":{"line":371,"column":null}},"type":"binary-expr","locations":[{"start":{"line":371,"column":6},"end":{"line":371,"column":10}},{"start":{"line":371,"column":14},"end":{"line":371,"column":38}},{"start":{"line":371,"column":42},"end":{"line":371,"column":null}}],"line":371},"36":{"loc":{"start":{"line":384,"column":2},"end":{"line":387,"column":null}},"type":"if","locations":[{"start":{"line":384,"column":2},"end":{"line":387,"column":null}},{"start":{},"end":{}}],"line":384},"37":{"loc":{"start":{"line":388,"column":2},"end":{"line":391,"column":null}},"type":"if","locations":[{"start":{"line":388,"column":2},"end":{"line":391,"column":null}},{"start":{},"end":{}}],"line":388},"38":{"loc":{"start":{"line":392,"column":2},"end":{"line":392,"column":null}},"type":"if","locations":[{"start":{"line":392,"column":2},"end":{"line":392,"column":null}},{"start":{},"end":{}}],"line":392},"39":{"loc":{"start":{"line":393,"column":2},"end":{"line":397,"column":null}},"type":"if","locations":[{"start":{"line":393,"column":2},"end":{"line":397,"column":null}},{"start":{},"end":{}}],"line":393},"40":{"loc":{"start":{"line":398,"column":2},"end":{"line":398,"column":null}},"type":"if","locations":[{"start":{"line":398,"column":2},"end":{"line":398,"column":null}},{"start":{},"end":{}}],"line":398}},"s":{"0":3,"1":3,"2":3,"3":23,"4":20,"5":23,"6":23,"7":23,"8":23,"9":23,"10":0,"11":0,"12":23,"13":23,"14":299,"15":23,"16":0,"17":23,"18":0,"19":23,"20":253,"21":23,"22":0,"23":65,"24":0,"25":65,"26":23,"27":23,"28":23,"29":0,"30":0,"31":0,"32":0,"33":0,"34":0,"35":0,"36":0,"37":0,"38":0,"39":0,"40":0,"41":0,"42":0,"43":0,"44":0,"45":0,"46":0,"47":0,"48":0,"49":0,"50":0,"51":0,"52":0,"53":0,"54":0,"55":0,"56":0,"57":0,"58":0,"59":0,"60":0,"61":0,"62":0,"63":0,"64":0,"65":0,"66":0,"67":0,"68":0,"69":0,"70":0,"71":0,"72":0,"73":0,"74":0,"75":0,"76":0,"77":0,"78":0,"79":0,"80":0,"81":0,"82":0,"83":0,"84":0,"85":0,"86":0,"87":0,"88":0,"89":0,"90":0,"91":0,"92":0,"93":0,"94":0,"95":0,"96":0,"97":0,"98":0,"99":0,"100":0,"101":0,"102":0,"103":0,"104":0,"105":0,"106":0,"107":0,"108":0,"109":0,"110":0,"111":0,"112":0,"113":0,"114":0,"115":0,"116":0,"117":0,"118":0,"119":0,"120":0,"121":0,"122":0,"123":0,"124":0,"125":0,"126":0,"127":0,"128":0,"129":0,"130":0,"131":0,"132":0,"133":0,"134":0,"135":0,"136":0,"137":0,"138":0,"139":0,"140":0,"141":0,"142":0,"143":0,"144":0,"145":0,"146":0,"147":0,"148":0,"149":0},"f":{"0":23,"1":299,"2":253,"3":65,"4":23,"5":0,"6":0,"7":0,"8":0,"9":0,"10":0,"11":0,"12":0,"13":0,"14":0,"15":0,"16":0,"17":0,"18":0,"19":0,"20":0,"21":0,"22":0,"23":0,"24":0,"25":0,"26":0,"27":0,"28":0,"29":0,"30":0,"31":0,"32":0,"33":0,"34":0,"35":0,"36":0,"37":0},"b":{"0":[20,3],"1":[23,0],"2":[0,23],"3":[0,23],"4":[0,23],"5":[0,65],"6":[0,0],"7":[0,0],"8":[0,0],"9":[0,0],"10":[0,0],"11":[0,0],"12":[0,0],"13":[0,0],"14":[0,0],"15":[0,0],"16":[0,0],"17":[0,0],"18":[0,0],"19":[0,0],"20":[0,0],"21":[0,0],"22":[0,0],"23":[0,0],"24":[0,0],"25":[0,0],"26":[0,0],"27":[0,0],"28":[0,0],"29":[0,0],"30":[0,0],"31":[0],"32":[0,0],"33":[0,0],"34":[0,0],"35":[0,0,0],"36":[0,0],"37":[0,0],"38":[0,0],"39":[0,0],"40":[0,0]},"meta":{"lastBranch":41,"lastFunction":38,"lastStatement":150,"seen":{"s:6:15:6:Infinity":0,"s:7:11:7:Infinity":1,"s:9:22:82:Infinity":2,"f:86:16:86:22":0,"b:87:2:87:Infinity:undefined:undefined:undefined:undefined":0,"s:87:2:87:Infinity":3,"s:87:10:87:Infinity":4,"s:88:2:88:Infinity":5,"s:89:2:89:Infinity":6,"b:89:7:89:29:89:33:89:Infinity":1,"s:90:2:90:Infinity":7,"s:93:2:98:Infinity":8,"s:94:3:94:Infinity":9,"s:96:4:96:Infinity":10,"s:97:4:97:Infinity":11,"s:101:2:168:Infinity":12,"s:170:22:173:Infinity":13,"f:173:9:173:10":1,"s:173:21:173:32":14,"b:174:2:176:Infinity:undefined:undefined:undefined:undefined":2,"s:174:2:176:Infinity":15,"s:175:4:175:Infinity":16,"b:177:2:179:Infinity:undefined:undefined:undefined:undefined":3,"s:177:2:179:Infinity":17,"s:178:4:178:Infinity":18,"s:181:25:184:Infinity":19,"f:184:9:184:10":2,"s:184:21:184:32":20,"b:185:2:187:Infinity:undefined:undefined:undefined:undefined":4,"s:185:2:187:Infinity":21,"s:186:4:186:Infinity":22,"f:190:16:190:21":3,"b:191:2:191:Infinity:undefined:undefined:undefined:undefined":5,"s:191:2:191:Infinity":23,"s:191:11:191:Infinity":24,"s:192:2:192:Infinity":25,"f:195:9:195:23":4,"s:196:2:202:Infinity":26,"s:197:21:197:Infinity":27,"s:198:4:198:Infinity":28,"s:200:4:200:Infinity":29,"s:201:4:201:Infinity":30,"f:206:2:206:13":5,"s:207:4:207:Infinity":31,"s:208:4:208:Infinity":32,"s:209:4:209:Infinity":33,"s:210:4:210:27":34,"f:213:2:213:8":6,"f:215:2:215:6":7,"s:216:4:216:Infinity":35,"f:219:2:219:7":8,"b:220:4:223:Infinity:undefined:undefined:undefined:undefined":6,"s:220:4:223:Infinity":36,"s:221:6:221:Infinity":37,"s:222:6:222:Infinity":38,"s:224:4:224:Infinity":39,"f:227:2:227:9":9,"s:228:4:228:Infinity":40,"f:231:2:231:8":10,"b:233:4:235:Infinity:undefined:undefined:undefined:undefined":7,"s:233:4:235:Infinity":41,"s:234:6:234:Infinity":42,"s:236:4:239:Infinity":43,"f:236:34:236:35":11,"s:237:6:237:Infinity":44,"s:238:6:238:Infinity":45,"f:242:2:242:17":12,"s:243:4:247:Infinity":46,"s:244:5:244:Infinity":47,"s:246:6:246:Infinity":48,"f:252:2:252:13":13,"s:253:4:253:Infinity":49,"s:254:4:254:Infinity":50,"f:257:2:257:5":14,"b:258:4:261:Infinity:undefined:undefined:undefined:undefined":8,"s:258:4:261:Infinity":51,"s:259:20:259:Infinity":52,"s:260:6:260:Infinity":53,"b:260:14:260:34:260:38:260:40":9,"f:260:46:260:47":15,"s:260:62:260:75":54,"b:262:4:265:Infinity:undefined:undefined:undefined:undefined":10,"s:262:4:265:Infinity":55,"s:263:20:263:Infinity":56,"s:264:6:264:Infinity":57,"b:264:46:264:63:264:66:264:Infinity":11,"b:264:13:264:18:264:22:264:43":12,"s:266:4:266:Infinity":58,"f:269:2:269:5":16,"s:270:4:270:Infinity":59,"f:273:2:273:5":17,"b:274:4:274:Infinity:undefined:undefined:undefined:undefined":13,"s:274:4:274:Infinity":60,"s:274:44:274:Infinity":61,"b:275:4:275:Infinity:undefined:undefined:undefined:undefined":14,"s:275:4:275:Infinity":62,"s:275:39:275:Infinity":63,"b:276:4:276:Infinity:undefined:undefined:undefined:undefined":15,"s:276:4:276:Infinity":64,"s:276:39:276:Infinity":65,"b:277:4:277:Infinity:undefined:undefined:undefined:undefined":16,"s:277:4:277:Infinity":66,"s:277:39:277:Infinity":67,"s:278:4:278:Infinity":68,"f:281:2:281:9":18,"s:282:18:282:Infinity":69,"b:283:4:283:Infinity:undefined:undefined:undefined:undefined":17,"s:283:4:283:Infinity":70,"s:283:16:283:Infinity":71,"s:285:43:285:Infinity":72,"s:286:15:286:Infinity":73,"b:286:20:286:41:286:45:286:47":18,"b:287:4:287:Infinity:undefined:undefined:undefined:undefined":19,"s:287:4:287:Infinity":74,"s:287:21:287:Infinity":75,"f:287:40:287:41":19,"s:287:49:287:77":76,"b:288:4:288:Infinity:undefined:undefined:undefined:undefined":20,"s:288:4:288:Infinity":77,"s:288:24:288:Infinity":78,"f:288:40:288:41":20,"s:288:50:288:60":79,"s:290:20:290:Infinity":80,"f:290:42:290:43":21,"s:290:53:290:65":81,"s:291:4:293:Infinity":82,"f:291:20:291:21":22,"s:292:6:292:Infinity":83,"f:292:37:292:38":23,"s:292:49:292:78":84,"b:292:58:292:69:292:73:292:77":21,"f:296:2:296:9":24,"s:297:18:297:Infinity":85,"b:298:4:298:Infinity:undefined:undefined:undefined:undefined":22,"s:298:4:298:Infinity":86,"s:298:16:298:Infinity":87,"s:300:34:300:Infinity":88,"s:301:20:301:Infinity":89,"f:301:46:301:47":25,"s:301:58:301:71":90,"s:302:16:302:Infinity":91,"f:302:47:302:48":26,"s:302:66:302:95":92,"b:302:75:302:86:302:90:302:94":23,"s:303:4:303:Infinity":93,"b:305:4:315:Infinity:undefined:undefined:undefined:undefined":24,"s:305:4:315:Infinity":94,"s:307:8:311:Infinity":95,"b:308:12:308:Infinity:309:12:311:Infinity":25,"b:310:14:310:Infinity:311:14:311:Infinity":26,"s:312:6:314:Infinity":96,"f:313:8:313:9":27,"s:313:22:313:Infinity":97,"s:317:4:317:Infinity":98,"s:318:4:318:Infinity":99,"s:319:4:319:Infinity":100,"f:322:2:322:9":28,"s:323:18:323:Infinity":101,"b:324:4:324:Infinity:undefined:undefined:undefined:undefined":27,"s:324:4:324:Infinity":102,"s:324:16:324:Infinity":103,"s:326:43:326:Infinity":104,"s:327:18:327:Infinity":105,"s:328:4:333:Infinity":106,"b:328:22:328:43:328:47:328:49":28,"b:329:6:332:Infinity:undefined:undefined:undefined:undefined":29,"s:329:6:332:Infinity":107,"s:330:8:330:Infinity":108,"s:331:8:331:Infinity":109,"s:334:4:334:Infinity":110,"s:335:4:335:Infinity":111,"f:338:2:338:9":29,"s:339:18:339:Infinity":112,"b:340:4:340:Infinity:undefined:undefined:undefined:undefined":30,"s:340:4:340:Infinity":113,"s:340:16:340:Infinity":114,"s:342:35:342:Infinity":115,"s:343:19:343:Infinity":116,"s:344:4:344:Infinity":117,"f:344:57:344:58":30,"s:344:66:344:94":118,"s:345:4:345:Infinity":119,"s:346:4:346:Infinity":120,"f:349:2:349:5":31,"b:349:16:349:17":31,"s:350:4:350:Infinity":121,"f:354:9:354:19":32,"s:355:16:355:Infinity":122,"b:355:36:355:74:355:77:355:Infinity":32,"s:356:2:358:Infinity":123,"s:357:4:357:Infinity":124,"s:359:2:359:Infinity":125,"f:362:9:362:22":33,"b:363:2:363:Infinity:undefined:undefined:undefined:undefined":33,"s:363:2:363:Infinity":126,"b:363:6:363:25:363:29:363:49":34,"s:363:51:363:Infinity":127,"s:364:2:364:Infinity":128,"f:367:9:367:21":34,"s:368:2:375:Infinity":129,"s:369:17:369:Infinity":130,"s:370:4:372:Infinity":131,"b:371:6:371:10:371:14:371:38:371:42:371:Infinity":35,"f:371:75:371:76":35,"s:371:86:371:99":132,"s:374:4:374:Infinity":133,"f:378:9:378:18":36,"s:379:2:379:Infinity":134,"f:382:9:382:22":37,"s:383:14:383:Infinity":135,"b:384:2:387:Infinity:undefined:undefined:undefined:undefined":36,"s:384:2:387:Infinity":136,"s:385:4:385:Infinity":137,"s:386:4:386:Infinity":138,"b:388:2:391:Infinity:undefined:undefined:undefined:undefined":37,"s:388:2:391:Infinity":139,"s:389:4:389:Infinity":140,"s:390:4:390:Infinity":141,"b:392:2:392:Infinity:undefined:undefined:undefined:undefined":38,"s:392:2:392:Infinity":142,"s:392:32:392:Infinity":143,"b:393:2:397:Infinity:undefined:undefined:undefined:undefined":39,"s:393:2:397:Infinity":144,"s:394:4:394:Infinity":145,"s:395:4:395:Infinity":146,"s:396:4:396:Infinity":147,"b:398:2:398:Infinity:undefined:undefined:undefined:undefined":40,"s:398:2:398:Infinity":148,"s:398:43:398:Infinity":149},"fnNames":{}}}
,"C:\\Users\\kaib1\\OneDrive\\Desktop\\Projects\\PokeBot 2\\src\\main\\ipc.js": {"path":"C:\\Users\\kaib1\\OneDrive\\Desktop\\Projects\\PokeBot 2\\src\\main\\ipc.js","statementMap":{"0":{"start":{"line":22,"column":33},"end":{"line":22,"column":63}},"1":{"start":{"line":23,"column":28},"end":{"line":33,"column":1}},"2":{"start":{"line":53,"column":2},"end":{"line":53,"column":55}},"3":{"start":{"line":53,"column":41},"end":{"line":53,"column":54}},"4":{"start":{"line":54,"column":2},"end":{"line":61,"column":4}},"5":{"start":{"line":55,"column":4},"end":{"line":55,"column":99}},"6":{"start":{"line":55,"column":41},"end":{"line":55,"column":99}},"7":{"start":{"line":56,"column":4},"end":{"line":58,"column":38}},"8":{"start":{"line":59,"column":4},"end":{"line":59,"column":55}},"9":{"start":{"line":59,"column":32},"end":{"line":59,"column":55}},"10":{"start":{"line":60,"column":4},"end":{"line":60,"column":15}},"11":{"start":{"line":64,"column":2},"end":{"line":71,"column":4}},"12":{"start":{"line":65,"column":17},"end":{"line":65,"column":59}},"13":{"start":{"line":66,"column":4},"end":{"line":68,"column":47}},"14":{"start":{"line":69,"column":4},"end":{"line":69,"column":42}},"15":{"start":{"line":70,"column":4},"end":{"line":70,"column":15}},"16":{"start":{"line":74,"column":2},"end":{"line":81,"column":4}},"17":{"start":{"line":75,"column":15},"end":{"line":75,"column":62}},"18":{"start":{"line":76,"column":4},"end":{"line":78,"column":54}},"19":{"start":{"line":79,"column":3},"end":{"line":79,"column":26}},"20":{"start":{"line":80,"column":4},"end":{"line":80,"column":15}},"21":{"start":{"line":86,"column":2},"end":{"line":102,"column":4}},"22":{"start":{"line":87,"column":28},"end":{"line":90,"column":66}},"23":{"start":{"line":91,"column":4},"end":{"line":91,"column":80}},"24":{"start":{"line":91,"column":15},"end":{"line":91,"column":80}},"25":{"start":{"line":92,"column":4},"end":{"line":101,"column":7}},"26":{"start":{"line":92,"column":31},"end":{"line":101,"column":5}},"27":{"start":{"line":107,"column":2},"end":{"line":109,"column":4}},"28":{"start":{"line":108,"column":4},"end":{"line":108,"column":42}},"29":{"start":{"line":113,"column":2},"end":{"line":124,"column":4}},"30":{"start":{"line":114,"column":4},"end":{"line":122,"column":93}},"31":{"start":{"line":123,"column":4},"end":{"line":123,"column":15}},"32":{"start":{"line":126,"column":2},"end":{"line":128,"column":3}},"33":{"start":{"line":127,"column":4},"end":{"line":127,"column":66}},"34":{"start":{"line":132,"column":2},"end":{"line":136,"column":4}},"35":{"start":{"line":133,"column":4},"end":{"line":133,"column":107}},"36":{"start":{"line":134,"column":3},"end":{"line":134,"column":26}},"37":{"start":{"line":135,"column":4},"end":{"line":135,"column":15}},"38":{"start":{"line":139,"column":2},"end":{"line":139,"column":65}},"39":{"start":{"line":139,"column":41},"end":{"line":139,"column":64}},"40":{"start":{"line":140,"column":2},"end":{"line":140,"column":85}},"41":{"start":{"line":140,"column":57},"end":{"line":140,"column":84}},"42":{"start":{"line":141,"column":2},"end":{"line":144,"column":4}},"43":{"start":{"line":142,"column":4},"end":{"line":142,"column":37}},"44":{"start":{"line":143,"column":4},"end":{"line":143,"column":15}},"45":{"start":{"line":145,"column":2},"end":{"line":148,"column":4}},"46":{"start":{"line":146,"column":4},"end":{"line":146,"column":29}},"47":{"start":{"line":147,"column":4},"end":{"line":147,"column":15}},"48":{"start":{"line":149,"column":2},"end":{"line":204,"column":4}},"49":{"start":{"line":160,"column":8},"end":{"line":160,"column":18}},"50":{"start":{"line":161,"column":4},"end":{"line":163,"column":5}},"51":{"start":{"line":162,"column":6},"end":{"line":162,"column":88}},"52":{"start":{"line":165,"column":19},"end":{"line":165,"column":40}},"53":{"start":{"line":166,"column":27},"end":{"line":166,"column":50}},"54":{"start":{"line":167,"column":20},"end":{"line":167,"column":93}},"55":{"start":{"line":170,"column":4},"end":{"line":181,"column":5}},"56":{"start":{"line":171,"column":23},"end":{"line":171,"column":90}},"57":{"start":{"line":172,"column":6},"end":{"line":178,"column":7}},"58":{"start":{"line":173,"column":8},"end":{"line":173,"column":63}},"59":{"start":{"line":174,"column":13},"end":{"line":178,"column":7}},"60":{"start":{"line":175,"column":8},"end":{"line":175,"column":64}},"61":{"start":{"line":177,"column":8},"end":{"line":177,"column":79}},"62":{"start":{"line":180,"column":6},"end":{"line":180,"column":37}},"63":{"start":{"line":183,"column":4},"end":{"line":201,"column":5}},"64":{"start":{"line":184,"column":24},"end":{"line":193,"column":8}},"65":{"start":{"line":194,"column":6},"end":{"line":199,"column":8}},"66":{"start":{"line":200,"column":6},"end":{"line":200,"column":66}},"67":{"start":{"line":203,"column":4},"end":{"line":203,"column":17}},"68":{"start":{"line":205,"column":2},"end":{"line":208,"column":4}},"69":{"start":{"line":206,"column":4},"end":{"line":206,"column":40}},"70":{"start":{"line":207,"column":4},"end":{"line":207,"column":15}},"71":{"start":{"line":209,"column":2},"end":{"line":228,"column":4}},"72":{"start":{"line":210,"column":20},"end":{"line":210,"column":51}},"73":{"start":{"line":211,"column":4},"end":{"line":211,"column":54}},"74":{"start":{"line":211,"column":18},"end":{"line":211,"column":54}},"75":{"start":{"line":212,"column":20},"end":{"line":215,"column":6}},"76":{"start":{"line":216,"column":17},"end":{"line":216,"column":40}},"77":{"start":{"line":217,"column":4},"end":{"line":226,"column":5}},"78":{"start":{"line":218,"column":6},"end":{"line":218,"column":99}},"79":{"start":{"line":219,"column":11},"end":{"line":226,"column":5}},"80":{"start":{"line":220,"column":6},"end":{"line":223,"column":8}},"81":{"start":{"line":225,"column":6},"end":{"line":225,"column":79}},"82":{"start":{"line":227,"column":4},"end":{"line":227,"column":15}},"83":{"start":{"line":229,"column":2},"end":{"line":261,"column":4}},"84":{"start":{"line":230,"column":20},"end":{"line":230,"column":51}},"85":{"start":{"line":231,"column":4},"end":{"line":231,"column":54}},"86":{"start":{"line":231,"column":18},"end":{"line":231,"column":54}},"87":{"start":{"line":232,"column":4},"end":{"line":234,"column":5}},"88":{"start":{"line":233,"column":6},"end":{"line":233,"column":82}},"89":{"start":{"line":235,"column":20},"end":{"line":238,"column":6}},"90":{"start":{"line":239,"column":19},"end":{"line":258,"column":6}},"91":{"start":{"line":248,"column":8},"end":{"line":248,"column":68}},"92":{"start":{"line":249,"column":8},"end":{"line":256,"column":10}},"93":{"start":{"line":259,"column":4},"end":{"line":259,"column":72}},"94":{"start":{"line":259,"column":24},"end":{"line":259,"column":72}},"95":{"start":{"line":260,"column":4},"end":{"line":260,"column":17}},"96":{"start":{"line":262,"column":2},"end":{"line":294,"column":4}},"97":{"start":{"line":263,"column":20},"end":{"line":263,"column":51}},"98":{"start":{"line":264,"column":4},"end":{"line":264,"column":54}},"99":{"start":{"line":264,"column":18},"end":{"line":264,"column":54}},"100":{"start":{"line":265,"column":4},"end":{"line":267,"column":5}},"101":{"start":{"line":266,"column":6},"end":{"line":266,"column":79}},"102":{"start":{"line":268,"column":20},"end":{"line":271,"column":6}},"103":{"start":{"line":272,"column":19},"end":{"line":291,"column":6}},"104":{"start":{"line":281,"column":8},"end":{"line":281,"column":71}},"105":{"start":{"line":282,"column":8},"end":{"line":289,"column":10}},"106":{"start":{"line":292,"column":4},"end":{"line":292,"column":72}},"107":{"start":{"line":292,"column":24},"end":{"line":292,"column":72}},"108":{"start":{"line":293,"column":4},"end":{"line":293,"column":17}},"109":{"start":{"line":297,"column":2},"end":{"line":317,"column":4}},"110":{"start":{"line":298,"column":20},"end":{"line":298,"column":51}},"111":{"start":{"line":299,"column":4},"end":{"line":299,"column":54}},"112":{"start":{"line":299,"column":18},"end":{"line":299,"column":54}},"113":{"start":{"line":300,"column":4},"end":{"line":302,"column":5}},"114":{"start":{"line":301,"column":6},"end":{"line":301,"column":88}},"115":{"start":{"line":304,"column":19},"end":{"line":304,"column":77}},"116":{"start":{"line":307,"column":4},"end":{"line":314,"column":6}},"117":{"start":{"line":316,"column":4},"end":{"line":316,"column":17}},"118":{"start":{"line":320,"column":2},"end":{"line":320,"column":83}},"119":{"start":{"line":320,"column":38},"end":{"line":320,"column":82}},"120":{"start":{"line":321,"column":2},"end":{"line":324,"column":4}},"121":{"start":{"line":322,"column":18},"end":{"line":322,"column":62}},"122":{"start":{"line":323,"column":4},"end":{"line":323,"column":81}},"123":{"start":{"line":325,"column":2},"end":{"line":353,"column":4}},"124":{"start":{"line":326,"column":4},"end":{"line":328,"column":5}},"125":{"start":{"line":327,"column":6},"end":{"line":327,"column":78}},"126":{"start":{"line":329,"column":4},"end":{"line":331,"column":5}},"127":{"start":{"line":330,"column":6},"end":{"line":330,"column":89}},"128":{"start":{"line":332,"column":14},"end":{"line":332,"column":27}},"129":{"start":{"line":333,"column":4},"end":{"line":351,"column":7}},"130":{"start":{"line":352,"column":4},"end":{"line":352,"column":13}},"131":{"start":{"line":354,"column":2},"end":{"line":375,"column":4}},"132":{"start":{"line":355,"column":17},"end":{"line":355,"column":76}},"133":{"start":{"line":356,"column":4},"end":{"line":356,"column":48}},"134":{"start":{"line":356,"column":15},"end":{"line":356,"column":48}},"135":{"start":{"line":357,"column":21},"end":{"line":357,"column":51}},"136":{"start":{"line":358,"column":4},"end":{"line":360,"column":5}},"137":{"start":{"line":359,"column":6},"end":{"line":359,"column":88}},"138":{"start":{"line":362,"column":19},"end":{"line":367,"column":5}},"139":{"start":{"line":368,"column":4},"end":{"line":373,"column":5}},"140":{"start":{"line":369,"column":6},"end":{"line":369,"column":36}},"141":{"start":{"line":369,"column":28},"end":{"line":369,"column":36}},"142":{"start":{"line":370,"column":6},"end":{"line":372,"column":37}},"143":{"start":{"line":374,"column":4},"end":{"line":374,"column":15}},"144":{"start":{"line":376,"column":2},"end":{"line":376,"column":63}},"145":{"start":{"line":376,"column":39},"end":{"line":376,"column":62}},"146":{"start":{"line":377,"column":2},"end":{"line":382,"column":3}},"147":{"start":{"line":378,"column":3},"end":{"line":381,"column":6}},"148":{"start":{"line":380,"column":8},"end":{"line":380,"column":88}},"149":{"start":{"line":383,"column":2},"end":{"line":383,"column":77}},"150":{"start":{"line":383,"column":47},"end":{"line":383,"column":76}},"151":{"start":{"line":384,"column":2},"end":{"line":384,"column":78}},"152":{"start":{"line":384,"column":56},"end":{"line":384,"column":77}},"153":{"start":{"line":385,"column":2},"end":{"line":385,"column":72}},"154":{"start":{"line":385,"column":54},"end":{"line":385,"column":71}},"155":{"start":{"line":386,"column":2},"end":{"line":390,"column":4}},"156":{"start":{"line":387,"column":17},"end":{"line":387,"column":76}},"157":{"start":{"line":388,"column":4},"end":{"line":388,"column":41}},"158":{"start":{"line":388,"column":14},"end":{"line":388,"column":41}},"159":{"start":{"line":389,"column":4},"end":{"line":389,"column":15}},"160":{"start":{"line":391,"column":2},"end":{"line":395,"column":4}},"161":{"start":{"line":392,"column":17},"end":{"line":392,"column":76}},"162":{"start":{"line":393,"column":4},"end":{"line":393,"column":48}},"163":{"start":{"line":393,"column":15},"end":{"line":393,"column":48}},"164":{"start":{"line":394,"column":4},"end":{"line":394,"column":37}},"165":{"start":{"line":396,"column":2},"end":{"line":399,"column":4}},"166":{"start":{"line":397,"column":4},"end":{"line":397,"column":28}},"167":{"start":{"line":398,"column":4},"end":{"line":398,"column":15}},"168":{"start":{"line":400,"column":2},"end":{"line":404,"column":4}},"169":{"start":{"line":401,"column":4},"end":{"line":401,"column":28}},"170":{"start":{"line":402,"column":4},"end":{"line":402,"column":61}},"171":{"start":{"line":403,"column":4},"end":{"line":403,"column":15}},"172":{"start":{"line":407,"column":2},"end":{"line":407,"column":65}},"173":{"start":{"line":407,"column":41},"end":{"line":407,"column":64}},"174":{"start":{"line":408,"column":2},"end":{"line":408,"column":79}},"175":{"start":{"line":408,"column":51},"end":{"line":408,"column":78}},"176":{"start":{"line":409,"column":2},"end":{"line":412,"column":4}},"177":{"start":{"line":410,"column":4},"end":{"line":410,"column":37}},"178":{"start":{"line":411,"column":4},"end":{"line":411,"column":15}},"179":{"start":{"line":413,"column":2},"end":{"line":416,"column":4}},"180":{"start":{"line":414,"column":4},"end":{"line":414,"column":29}},"181":{"start":{"line":415,"column":4},"end":{"line":415,"column":15}},"182":{"start":{"line":419,"column":2},"end":{"line":419,"column":66}},"183":{"start":{"line":419,"column":41},"end":{"line":419,"column":65}},"184":{"start":{"line":420,"column":2},"end":{"line":420,"column":80}},"185":{"start":{"line":420,"column":51},"end":{"line":420,"column":79}},"186":{"start":{"line":421,"column":2},"end":{"line":424,"column":4}},"187":{"start":{"line":422,"column":4},"end":{"line":422,"column":38}},"188":{"start":{"line":423,"column":4},"end":{"line":423,"column":15}},"189":{"start":{"line":425,"column":2},"end":{"line":428,"column":4}},"190":{"start":{"line":426,"column":4},"end":{"line":426,"column":30}},"191":{"start":{"line":427,"column":4},"end":{"line":427,"column":15}},"192":{"start":{"line":429,"column":2},"end":{"line":432,"column":4}},"193":{"start":{"line":430,"column":4},"end":{"line":430,"column":34}},"194":{"start":{"line":431,"column":4},"end":{"line":431,"column":15}},"195":{"start":{"line":435,"column":2},"end":{"line":437,"column":4}},"196":{"start":{"line":436,"column":4},"end":{"line":436,"column":59}},"197":{"start":{"line":438,"column":2},"end":{"line":440,"column":4}},"198":{"start":{"line":439,"column":4},"end":{"line":439,"column":52}},"199":{"start":{"line":441,"column":2},"end":{"line":444,"column":4}},"200":{"start":{"line":442,"column":4},"end":{"line":442,"column":37}},"201":{"start":{"line":443,"column":4},"end":{"line":443,"column":15}},"202":{"start":{"line":447,"column":2},"end":{"line":449,"column":4}},"203":{"start":{"line":448,"column":4},"end":{"line":448,"column":98}},"204":{"start":{"line":450,"column":2},"end":{"line":455,"column":4}},"205":{"start":{"line":451,"column":4},"end":{"line":453,"column":45}},"206":{"start":{"line":454,"column":4},"end":{"line":454,"column":15}},"207":{"start":{"line":456,"column":2},"end":{"line":460,"column":4}},"208":{"start":{"line":457,"column":4},"end":{"line":459,"column":12}},"209":{"start":{"line":461,"column":2},"end":{"line":464,"column":4}},"210":{"start":{"line":462,"column":4},"end":{"line":462,"column":54}},"211":{"start":{"line":463,"column":4},"end":{"line":463,"column":15}},"212":{"start":{"line":480,"column":2},"end":{"line":480,"column":69}},"213":{"start":{"line":480,"column":41},"end":{"line":480,"column":68}},"214":{"start":{"line":481,"column":2},"end":{"line":481,"column":69}},"215":{"start":{"line":481,"column":41},"end":{"line":481,"column":68}},"216":{"start":{"line":482,"column":2},"end":{"line":485,"column":4}},"217":{"start":{"line":483,"column":4},"end":{"line":483,"column":32}},"218":{"start":{"line":484,"column":4},"end":{"line":484,"column":15}},"219":{"start":{"line":486,"column":2},"end":{"line":489,"column":4}},"220":{"start":{"line":487,"column":18},"end":{"line":487,"column":47}},"221":{"start":{"line":488,"column":4},"end":{"line":488,"column":16}},"222":{"start":{"line":493,"column":2},"end":{"line":507,"column":4}},"223":{"start":{"line":494,"column":4},"end":{"line":494,"column":93}},"224":{"start":{"line":494,"column":28},"end":{"line":494,"column":93}},"225":{"start":{"line":497,"column":17},"end":{"line":497,"column":86}},"226":{"start":{"line":498,"column":18},"end":{"line":498,"column":22}},"227":{"start":{"line":499,"column":4},"end":{"line":504,"column":5}},"228":{"start":{"line":500,"column":25},"end":{"line":500,"column":62}},"229":{"start":{"line":501,"column":6},"end":{"line":501,"column":89}},"230":{"start":{"line":501,"column":29},"end":{"line":501,"column":89}},"231":{"start":{"line":505,"column":4},"end":{"line":505,"column":57}},"232":{"start":{"line":506,"column":4},"end":{"line":506,"column":15}},"233":{"start":{"line":508,"column":2},"end":{"line":508,"column":65}},"234":{"start":{"line":508,"column":44},"end":{"line":508,"column":64}},"235":{"start":{"line":510,"column":2},"end":{"line":510,"column":89}},"236":{"start":{"line":510,"column":36},"end":{"line":510,"column":88}},"237":{"start":{"line":511,"column":2},"end":{"line":518,"column":3}},"238":{"start":{"line":512,"column":4},"end":{"line":517,"column":6}},"239":{"start":{"line":521,"column":2},"end":{"line":521,"column":89}},"240":{"start":{"line":521,"column":36},"end":{"line":521,"column":88}},"241":{"start":{"line":522,"column":2},"end":{"line":522,"column":94}},"242":{"start":{"line":522,"column":41},"end":{"line":522,"column":93}},"243":{"start":{"line":526,"column":16},"end":{"line":534,"column":3}},"244":{"start":{"line":535,"column":2},"end":{"line":535,"column":64}},"245":{"start":{"line":536,"column":2},"end":{"line":536,"column":54}},"246":{"start":{"line":537,"column":2},"end":{"line":537,"column":39}},"247":{"start":{"line":541,"column":2},"end":{"line":541,"column":73}},"248":{"start":{"line":545,"column":2},"end":{"line":551,"column":3}},"249":{"start":{"line":546,"column":21},"end":{"line":546,"column":49}},"250":{"start":{"line":547,"column":4},"end":{"line":547,"column":56}},"251":{"start":{"line":547,"column":41},"end":{"line":547,"column":56}},"252":{"start":{"line":548,"column":4},"end":{"line":548,"column":58}},"253":{"start":{"line":548,"column":42},"end":{"line":548,"column":58}},"254":{"start":{"line":550,"column":4},"end":{"line":550,"column":15}},"255":{"start":{"line":552,"column":2},"end":{"line":552,"column":13}},"256":{"start":{"line":556,"column":19},"end":{"line":556,"column":53}},"257":{"start":{"line":557,"column":23},"end":{"line":557,"column":49}},"258":{"start":{"line":558,"column":2},"end":{"line":558,"column":73}},"259":{"start":{"line":558,"column":58},"end":{"line":558,"column":73}},"260":{"start":{"line":559,"column":2},"end":{"line":559,"column":41}}},"fnMap":{"0":{"name":"registerIpcHandlers","decl":{"start":{"line":35,"column":16},"end":{"line":35,"column":35}},"loc":{"start":{"line":51,"column":3},"end":{"line":523,"column":1}},"line":51},"1":{"name":"(anonymous_1)","decl":{"start":{"line":53,"column":35},"end":{"line":53,"column":36}},"loc":{"start":{"line":53,"column":41},"end":{"line":53,"column":54}},"line":53},"2":{"name":"(anonymous_2)","decl":{"start":{"line":54,"column":35},"end":{"line":54,"column":36}},"loc":{"start":{"line":54,"column":54},"end":{"line":61,"column":3}},"line":54},"3":{"name":"(anonymous_3)","decl":{"start":{"line":64,"column":39},"end":{"line":64,"column":44}},"loc":{"start":{"line":64,"column":58},"end":{"line":71,"column":3}},"line":64},"4":{"name":"(anonymous_4)","decl":{"start":{"line":74,"column":44},"end":{"line":74,"column":45}},"loc":{"start":{"line":74,"column":61},"end":{"line":81,"column":3}},"line":74},"5":{"name":"(anonymous_5)","decl":{"start":{"line":86,"column":44},"end":{"line":86,"column":49}},"loc":{"start":{"line":86,"column":56},"end":{"line":102,"column":3}},"line":86},"6":{"name":"(anonymous_6)","decl":{"start":{"line":92,"column":20},"end":{"line":92,"column":21}},"loc":{"start":{"line":92,"column":31},"end":{"line":101,"column":5}},"line":92},"7":{"name":"(anonymous_7)","decl":{"start":{"line":107,"column":49},"end":{"line":107,"column":54}},"loc":{"start":{"line":107,"column":77},"end":{"line":109,"column":3}},"line":107},"8":{"name":"(anonymous_8)","decl":{"start":{"line":113,"column":49},"end":{"line":113,"column":50}},"loc":{"start":{"line":113,"column":83},"end":{"line":124,"column":3}},"line":113},"9":{"name":"(anonymous_9)","decl":{"start":{"line":126,"column":51},"end":{"line":126,"column":52}},"loc":{"start":{"line":127,"column":4},"end":{"line":127,"column":66}},"line":127},"10":{"name":"(anonymous_10)","decl":{"start":{"line":132,"column":49},"end":{"line":132,"column":50}},"loc":{"start":{"line":132,"column":55},"end":{"line":136,"column":3}},"line":132},"11":{"name":"(anonymous_11)","decl":{"start":{"line":139,"column":35},"end":{"line":139,"column":36}},"loc":{"start":{"line":139,"column":41},"end":{"line":139,"column":64}},"line":139},"12":{"name":"(anonymous_12)","decl":{"start":{"line":140,"column":38},"end":{"line":140,"column":43}},"loc":{"start":{"line":140,"column":57},"end":{"line":140,"column":84}},"line":140},"13":{"name":"(anonymous_13)","decl":{"start":{"line":141,"column":38},"end":{"line":141,"column":39}},"loc":{"start":{"line":141,"column":57},"end":{"line":144,"column":3}},"line":141},"14":{"name":"(anonymous_14)","decl":{"start":{"line":145,"column":38},"end":{"line":145,"column":39}},"loc":{"start":{"line":145,"column":49},"end":{"line":148,"column":3}},"line":145},"15":{"name":"(anonymous_15)","decl":{"start":{"line":149,"column":40},"end":{"line":149,"column":45}},"loc":{"start":{"line":149,"column":59},"end":{"line":204,"column":3}},"line":149},"16":{"name":"(anonymous_16)","decl":{"start":{"line":205,"column":42},"end":{"line":205,"column":43}},"loc":{"start":{"line":205,"column":61},"end":{"line":208,"column":3}},"line":205},"17":{"name":"(anonymous_17)","decl":{"start":{"line":209,"column":44},"end":{"line":209,"column":49}},"loc":{"start":{"line":209,"column":61},"end":{"line":228,"column":3}},"line":209},"18":{"name":"(anonymous_18)","decl":{"start":{"line":229,"column":45},"end":{"line":229,"column":50}},"loc":{"start":{"line":229,"column":62},"end":{"line":261,"column":3}},"line":229},"19":{"name":"(anonymous_19)","decl":{"start":{"line":247,"column":14},"end":{"line":247,"column":15}},"loc":{"start":{"line":247,"column":27},"end":{"line":257,"column":7}},"line":247},"20":{"name":"(anonymous_20)","decl":{"start":{"line":262,"column":42},"end":{"line":262,"column":47}},"loc":{"start":{"line":262,"column":59},"end":{"line":294,"column":3}},"line":262},"21":{"name":"(anonymous_21)","decl":{"start":{"line":280,"column":14},"end":{"line":280,"column":15}},"loc":{"start":{"line":280,"column":27},"end":{"line":290,"column":7}},"line":280},"22":{"name":"(anonymous_22)","decl":{"start":{"line":297,"column":38},"end":{"line":297,"column":43}},"loc":{"start":{"line":297,"column":64},"end":{"line":317,"column":3}},"line":297},"23":{"name":"(anonymous_23)","decl":{"start":{"line":320,"column":32},"end":{"line":320,"column":33}},"loc":{"start":{"line":320,"column":38},"end":{"line":320,"column":82}},"line":320},"24":{"name":"(anonymous_24)","decl":{"start":{"line":321,"column":38},"end":{"line":321,"column":39}},"loc":{"start":{"line":321,"column":44},"end":{"line":324,"column":3}},"line":321},"25":{"name":"(anonymous_25)","decl":{"start":{"line":325,"column":35},"end":{"line":325,"column":36}},"loc":{"start":{"line":325,"column":48},"end":{"line":353,"column":3}},"line":325},"26":{"name":"(anonymous_26)","decl":{"start":{"line":354,"column":35},"end":{"line":354,"column":36}},"loc":{"start":{"line":354,"column":52},"end":{"line":375,"column":3}},"line":354},"27":{"name":"(anonymous_27)","decl":{"start":{"line":376,"column":34},"end":{"line":376,"column":35}},"loc":{"start":{"line":376,"column":39},"end":{"line":376,"column":62}},"line":376},"28":{"name":"(anonymous_28)","decl":{"start":{"line":377,"column":38},"end":{"line":377,"column":43}},"loc":{"start":{"line":378,"column":3},"end":{"line":381,"column":6}},"line":378},"29":{"name":"(anonymous_29)","decl":{"start":{"line":379,"column":27},"end":{"line":379,"column":28}},"loc":{"start":{"line":380,"column":8},"end":{"line":380,"column":88}},"line":380},"30":{"name":"(anonymous_30)","decl":{"start":{"line":383,"column":37},"end":{"line":383,"column":38}},"loc":{"start":{"line":383,"column":47},"end":{"line":383,"column":76}},"line":383},"31":{"name":"(anonymous_31)","decl":{"start":{"line":384,"column":39},"end":{"line":384,"column":44}},"loc":{"start":{"line":384,"column":56},"end":{"line":384,"column":77}},"line":384},"32":{"name":"(anonymous_32)","decl":{"start":{"line":385,"column":35},"end":{"line":385,"column":40}},"loc":{"start":{"line":385,"column":54},"end":{"line":385,"column":71}},"line":385},"33":{"name":"(anonymous_33)","decl":{"start":{"line":386,"column":34},"end":{"line":386,"column":35}},"loc":{"start":{"line":386,"column":45},"end":{"line":390,"column":3}},"line":386},"34":{"name":"(anonymous_34)","decl":{"start":{"line":391,"column":33},"end":{"line":391,"column":38}},"loc":{"start":{"line":391,"column":50},"end":{"line":395,"column":3}},"line":391},"35":{"name":"(anonymous_35)","decl":{"start":{"line":396,"column":33},"end":{"line":396,"column":34}},"loc":{"start":{"line":396,"column":44},"end":{"line":399,"column":3}},"line":396},"36":{"name":"(anonymous_36)","decl":{"start":{"line":400,"column":35},"end":{"line":400,"column":36}},"loc":{"start":{"line":400,"column":46},"end":{"line":404,"column":3}},"line":400},"37":{"name":"(anonymous_37)","decl":{"start":{"line":407,"column":35},"end":{"line":407,"column":36}},"loc":{"start":{"line":407,"column":41},"end":{"line":407,"column":64}},"line":407},"38":{"name":"(anonymous_38)","decl":{"start":{"line":408,"column":38},"end":{"line":408,"column":39}},"loc":{"start":{"line":408,"column":51},"end":{"line":408,"column":78}},"line":408},"39":{"name":"(anonymous_39)","decl":{"start":{"line":409,"column":38},"end":{"line":409,"column":39}},"loc":{"start":{"line":409,"column":57},"end":{"line":412,"column":3}},"line":409},"40":{"name":"(anonymous_40)","decl":{"start":{"line":413,"column":38},"end":{"line":413,"column":39}},"loc":{"start":{"line":413,"column":49},"end":{"line":416,"column":3}},"line":413},"41":{"name":"(anonymous_41)","decl":{"start":{"line":419,"column":35},"end":{"line":419,"column":36}},"loc":{"start":{"line":419,"column":41},"end":{"line":419,"column":65}},"line":419},"42":{"name":"(anonymous_42)","decl":{"start":{"line":420,"column":38},"end":{"line":420,"column":39}},"loc":{"start":{"line":420,"column":51},"end":{"line":420,"column":79}},"line":420},"43":{"name":"(anonymous_43)","decl":{"start":{"line":421,"column":38},"end":{"line":421,"column":39}},"loc":{"start":{"line":421,"column":57},"end":{"line":424,"column":3}},"line":421},"44":{"name":"(anonymous_44)","decl":{"start":{"line":425,"column":38},"end":{"line":425,"column":39}},"loc":{"start":{"line":425,"column":49},"end":{"line":428,"column":3}},"line":425},"45":{"name":"(anonymous_45)","decl":{"start":{"line":429,"column":43},"end":{"line":429,"column":44}},"loc":{"start":{"line":429,"column":54},"end":{"line":432,"column":3}},"line":429},"46":{"name":"(anonymous_46)","decl":{"start":{"line":435,"column":40},"end":{"line":435,"column":45}},"loc":{"start":{"line":435,"column":63},"end":{"line":437,"column":3}},"line":435},"47":{"name":"(anonymous_47)","decl":{"start":{"line":438,"column":35},"end":{"line":438,"column":40}},"loc":{"start":{"line":438,"column":58},"end":{"line":440,"column":3}},"line":438},"48":{"name":"(anonymous_48)","decl":{"start":{"line":441,"column":37},"end":{"line":441,"column":42}},"loc":{"start":{"line":441,"column":49},"end":{"line":444,"column":3}},"line":441},"49":{"name":"(anonymous_49)","decl":{"start":{"line":447,"column":38},"end":{"line":447,"column":39}},"loc":{"start":{"line":447,"column":44},"end":{"line":449,"column":3}},"line":447},"50":{"name":"(anonymous_50)","decl":{"start":{"line":450,"column":36},"end":{"line":450,"column":37}},"loc":{"start":{"line":450,"column":47},"end":{"line":455,"column":3}},"line":450},"51":{"name":"(anonymous_51)","decl":{"start":{"line":456,"column":37},"end":{"line":456,"column":38}},"loc":{"start":{"line":456,"column":43},"end":{"line":460,"column":3}},"line":456},"52":{"name":"(anonymous_52)","decl":{"start":{"line":461,"column":40},"end":{"line":461,"column":41}},"loc":{"start":{"line":461,"column":46},"end":{"line":464,"column":3}},"line":461},"53":{"name":"(anonymous_53)","decl":{"start":{"line":480,"column":35},"end":{"line":480,"column":36}},"loc":{"start":{"line":480,"column":41},"end":{"line":480,"column":68}},"line":480},"54":{"name":"(anonymous_54)","decl":{"start":{"line":481,"column":35},"end":{"line":481,"column":36}},"loc":{"start":{"line":481,"column":41},"end":{"line":481,"column":68}},"line":481},"55":{"name":"(anonymous_55)","decl":{"start":{"line":482,"column":37},"end":{"line":482,"column":38}},"loc":{"start":{"line":482,"column":48},"end":{"line":485,"column":3}},"line":482},"56":{"name":"(anonymous_56)","decl":{"start":{"line":486,"column":36},"end":{"line":486,"column":41}},"loc":{"start":{"line":486,"column":48},"end":{"line":489,"column":3}},"line":486},"57":{"name":"(anonymous_57)","decl":{"start":{"line":493,"column":33},"end":{"line":493,"column":34}},"loc":{"start":{"line":493,"column":67},"end":{"line":507,"column":3}},"line":493},"58":{"name":"(anonymous_58)","decl":{"start":{"line":508,"column":33},"end":{"line":508,"column":34}},"loc":{"start":{"line":508,"column":44},"end":{"line":508,"column":64}},"line":508},"59":{"name":"(anonymous_59)","decl":{"start":{"line":510,"column":29},"end":{"line":510,"column":30}},"loc":{"start":{"line":510,"column":36},"end":{"line":510,"column":88}},"line":510},"60":{"name":"(anonymous_60)","decl":{"start":{"line":511,"column":25},"end":{"line":511,"column":26}},"loc":{"start":{"line":512,"column":4},"end":{"line":517,"column":6}},"line":512},"61":{"name":"(anonymous_61)","decl":{"start":{"line":521,"column":25},"end":{"line":521,"column":26}},"loc":{"start":{"line":521,"column":36},"end":{"line":521,"column":88}},"line":521},"62":{"name":"(anonymous_62)","decl":{"start":{"line":522,"column":31},"end":{"line":522,"column":32}},"loc":{"start":{"line":522,"column":41},"end":{"line":522,"column":93}},"line":522},"63":{"name":"emitCatalogLookupFallback","decl":{"start":{"line":525,"column":15},"end":{"line":525,"column":40}},"loc":{"start":{"line":525,"column":96},"end":{"line":538,"column":1}},"line":525},"64":{"name":"shortError","decl":{"start":{"line":540,"column":9},"end":{"line":540,"column":19}},"loc":{"start":{"line":540,"column":27},"end":{"line":542,"column":1}},"line":540},"65":{"name":"detectRetailer","decl":{"start":{"line":544,"column":9},"end":{"line":544,"column":23}},"loc":{"start":{"line":544,"column":36},"end":{"line":553,"column":1}},"line":544},"66":{"name":"normalizeBuyLimit","decl":{"start":{"line":555,"column":9},"end":{"line":555,"column":26}},"loc":{"start":{"line":555,"column":44},"end":{"line":560,"column":1}},"line":555}},"branchMap":{"0":{"loc":{"start":{"line":55,"column":4},"end":{"line":55,"column":99}},"type":"if","locations":[{"start":{"line":55,"column":4},"end":{"line":55,"column":99}},{"start":{},"end":{}}],"line":55},"1":{"loc":{"start":{"line":55,"column":8},"end":{"line":55,"column":39}},"type":"binary-expr","locations":[{"start":{"line":55,"column":8},"end":{"line":55,"column":31}},{"start":{"line":55,"column":35},"end":{"line":55,"column":39}}],"line":55},"2":{"loc":{"start":{"line":59,"column":4},"end":{"line":59,"column":55}},"type":"if","locations":[{"start":{"line":59,"column":4},"end":{"line":59,"column":55}},{"start":{},"end":{}}],"line":59},"3":{"loc":{"start":{"line":65,"column":17},"end":{"line":65,"column":59}},"type":"cond-expr","locations":[{"start":{"line":65,"column":39},"end":{"line":65,"column":49}},{"start":{"line":65,"column":52},"end":{"line":65,"column":59}}],"line":65},"4":{"loc":{"start":{"line":75,"column":31},"end":{"line":75,"column":45}},"type":"binary-expr","locations":[{"start":{"line":75,"column":31},"end":{"line":75,"column":39}},{"start":{"line":75,"column":43},"end":{"line":75,"column":45}}],"line":75},"5":{"loc":{"start":{"line":91,"column":4},"end":{"line":91,"column":80}},"type":"if","locations":[{"start":{"line":91,"column":4},"end":{"line":91,"column":80}},{"start":{},"end":{}}],"line":91},"6":{"loc":{"start":{"line":156,"column":6},"end":{"line":156,"column":16}},"type":"default-arg","locations":[{"start":{"line":156,"column":14},"end":{"line":156,"column":16}}],"line":156},"7":{"loc":{"start":{"line":157,"column":6},"end":{"line":157,"column":16}},"type":"default-arg","locations":[{"start":{"line":157,"column":14},"end":{"line":157,"column":16}}],"line":157},"8":{"loc":{"start":{"line":158,"column":6},"end":{"line":158,"column":19}},"type":"default-arg","locations":[{"start":{"line":158,"column":17},"end":{"line":158,"column":19}}],"line":158},"9":{"loc":{"start":{"line":159,"column":6},"end":{"line":159,"column":14}},"type":"default-arg","locations":[{"start":{"line":159,"column":12},"end":{"line":159,"column":14}}],"line":159},"10":{"loc":{"start":{"line":160,"column":8},"end":{"line":160,"column":18}},"type":"binary-expr","locations":[{"start":{"line":160,"column":8},"end":{"line":160,"column":12}},{"start":{"line":160,"column":16},"end":{"line":160,"column":18}}],"line":160},"11":{"loc":{"start":{"line":161,"column":4},"end":{"line":163,"column":5}},"type":"if","locations":[{"start":{"line":161,"column":4},"end":{"line":163,"column":5}},{"start":{},"end":{}}],"line":161},"12":{"loc":{"start":{"line":161,"column":8},"end":{"line":161,"column":67}},"type":"binary-expr","locations":[{"start":{"line":161,"column":8},"end":{"line":161,"column":17}},{"start":{"line":161,"column":21},"end":{"line":161,"column":27}},{"start":{"line":161,"column":31},"end":{"line":161,"column":40}},{"start":{"line":161,"column":44},"end":{"line":161,"column":54}},{"start":{"line":161,"column":58},"end":{"line":161,"column":67}}],"line":161},"13":{"loc":{"start":{"line":172,"column":6},"end":{"line":178,"column":7}},"type":"if","locations":[{"start":{"line":172,"column":6},"end":{"line":178,"column":7}},{"start":{"line":174,"column":13},"end":{"line":178,"column":7}}],"line":172},"14":{"loc":{"start":{"line":174,"column":13},"end":{"line":178,"column":7}},"type":"if","locations":[{"start":{"line":174,"column":13},"end":{"line":178,"column":7}},{"start":{"line":176,"column":13},"end":{"line":178,"column":7}}],"line":174},"15":{"loc":{"start":{"line":183,"column":4},"end":{"line":201,"column":5}},"type":"if","locations":[{"start":{"line":183,"column":4},"end":{"line":201,"column":5}},{"start":{},"end":{}}],"line":183},"16":{"loc":{"start":{"line":211,"column":4},"end":{"line":211,"column":54}},"type":"if","locations":[{"start":{"line":211,"column":4},"end":{"line":211,"column":54}},{"start":{},"end":{}}],"line":211},"17":{"loc":{"start":{"line":217,"column":4},"end":{"line":226,"column":5}},"type":"if","locations":[{"start":{"line":217,"column":4},"end":{"line":226,"column":5}},{"start":{"line":219,"column":11},"end":{"line":226,"column":5}}],"line":217},"18":{"loc":{"start":{"line":219,"column":11},"end":{"line":226,"column":5}},"type":"if","locations":[{"start":{"line":219,"column":11},"end":{"line":226,"column":5}},{"start":{"line":224,"column":11},"end":{"line":226,"column":5}}],"line":219},"19":{"loc":{"start":{"line":231,"column":4},"end":{"line":231,"column":54}},"type":"if","locations":[{"start":{"line":231,"column":4},"end":{"line":231,"column":54}},{"start":{},"end":{}}],"line":231},"20":{"loc":{"start":{"line":232,"column":4},"end":{"line":234,"column":5}},"type":"if","locations":[{"start":{"line":232,"column":4},"end":{"line":234,"column":5}},{"start":{},"end":{}}],"line":232},"21":{"loc":{"start":{"line":259,"column":4},"end":{"line":259,"column":72}},"type":"if","locations":[{"start":{"line":259,"column":4},"end":{"line":259,"column":72}},{"start":{},"end":{}}],"line":259},"22":{"loc":{"start":{"line":264,"column":4},"end":{"line":264,"column":54}},"type":"if","locations":[{"start":{"line":264,"column":4},"end":{"line":264,"column":54}},{"start":{},"end":{}}],"line":264},"23":{"loc":{"start":{"line":265,"column":4},"end":{"line":267,"column":5}},"type":"if","locations":[{"start":{"line":265,"column":4},"end":{"line":267,"column":5}},{"start":{},"end":{}}],"line":265},"24":{"loc":{"start":{"line":292,"column":4},"end":{"line":292,"column":72}},"type":"if","locations":[{"start":{"line":292,"column":4},"end":{"line":292,"column":72}},{"start":{},"end":{}}],"line":292},"25":{"loc":{"start":{"line":299,"column":4},"end":{"line":299,"column":54}},"type":"if","locations":[{"start":{"line":299,"column":4},"end":{"line":299,"column":54}},{"start":{},"end":{}}],"line":299},"26":{"loc":{"start":{"line":300,"column":4},"end":{"line":302,"column":5}},"type":"if","locations":[{"start":{"line":300,"column":4},"end":{"line":302,"column":5}},{"start":{},"end":{}}],"line":300},"27":{"loc":{"start":{"line":312,"column":15},"end":{"line":312,"column":74}},"type":"cond-expr","locations":[{"start":{"line":312,"column":32},"end":{"line":312,"column":46}},{"start":{"line":312,"column":49},"end":{"line":312,"column":74}}],"line":312},"28":{"loc":{"start":{"line":326,"column":4},"end":{"line":328,"column":5}},"type":"if","locations":[{"start":{"line":326,"column":4},"end":{"line":328,"column":5}},{"start":{},"end":{}}],"line":326},"29":{"loc":{"start":{"line":326,"column":8},"end":{"line":326,"column":44}},"type":"binary-expr","locations":[{"start":{"line":326,"column":8},"end":{"line":326,"column":23}},{"start":{"line":326,"column":27},"end":{"line":326,"column":44}}],"line":326},"30":{"loc":{"start":{"line":329,"column":4},"end":{"line":331,"column":5}},"type":"if","locations":[{"start":{"line":329,"column":4},"end":{"line":331,"column":5}},{"start":{},"end":{}}],"line":329},"31":{"loc":{"start":{"line":344,"column":8},"end":{"line":344,"column":32}},"type":"binary-expr","locations":[{"start":{"line":344,"column":8},"end":{"line":344,"column":24}},{"start":{"line":344,"column":28},"end":{"line":344,"column":32}}],"line":344},"32":{"loc":{"start":{"line":345,"column":8},"end":{"line":345,"column":36}},"type":"binary-expr","locations":[{"start":{"line":345,"column":8},"end":{"line":345,"column":28}},{"start":{"line":345,"column":32},"end":{"line":345,"column":36}}],"line":345},"33":{"loc":{"start":{"line":347,"column":8},"end":{"line":347,"column":29}},"type":"binary-expr","locations":[{"start":{"line":347,"column":8},"end":{"line":347,"column":21}},{"start":{"line":347,"column":25},"end":{"line":347,"column":29}}],"line":347},"34":{"loc":{"start":{"line":348,"column":8},"end":{"line":348,"column":38}},"type":"binary-expr","locations":[{"start":{"line":348,"column":8},"end":{"line":348,"column":17}},{"start":{"line":348,"column":21},"end":{"line":348,"column":38}}],"line":348},"35":{"loc":{"start":{"line":349,"column":23},"end":{"line":349,"column":44}},"type":"binary-expr","locations":[{"start":{"line":349,"column":23},"end":{"line":349,"column":38}},{"start":{"line":349,"column":42},"end":{"line":349,"column":44}}],"line":349},"36":{"loc":{"start":{"line":350,"column":8},"end":{"line":350,"column":31}},"type":"binary-expr","locations":[{"start":{"line":350,"column":8},"end":{"line":350,"column":23}},{"start":{"line":350,"column":27},"end":{"line":350,"column":31}}],"line":350},"37":{"loc":{"start":{"line":356,"column":4},"end":{"line":356,"column":48}},"type":"if","locations":[{"start":{"line":356,"column":4},"end":{"line":356,"column":48}},{"start":{},"end":{}}],"line":356},"38":{"loc":{"start":{"line":357,"column":21},"end":{"line":357,"column":51}},"type":"binary-expr","locations":[{"start":{"line":357,"column":21},"end":{"line":357,"column":34}},{"start":{"line":357,"column":38},"end":{"line":357,"column":51}}],"line":357},"39":{"loc":{"start":{"line":358,"column":4},"end":{"line":360,"column":5}},"type":"if","locations":[{"start":{"line":358,"column":4},"end":{"line":360,"column":5}},{"start":{},"end":{}}],"line":358},"40":{"loc":{"start":{"line":366,"column":33},"end":{"line":366,"column":54}},"type":"binary-expr","locations":[{"start":{"line":366,"column":33},"end":{"line":366,"column":48}},{"start":{"line":366,"column":52},"end":{"line":366,"column":54}}],"line":366},"41":{"loc":{"start":{"line":369,"column":6},"end":{"line":369,"column":36}},"type":"if","locations":[{"start":{"line":369,"column":6},"end":{"line":369,"column":36}},{"start":{},"end":{}}],"line":369},"42":{"loc":{"start":{"line":372,"column":13},"end":{"line":372,"column":32}},"type":"binary-expr","locations":[{"start":{"line":372,"column":13},"end":{"line":372,"column":24}},{"start":{"line":372,"column":28},"end":{"line":372,"column":32}}],"line":372},"43":{"loc":{"start":{"line":388,"column":4},"end":{"line":388,"column":41}},"type":"if","locations":[{"start":{"line":388,"column":4},"end":{"line":388,"column":41}},{"start":{},"end":{}}],"line":388},"44":{"loc":{"start":{"line":393,"column":4},"end":{"line":393,"column":48}},"type":"if","locations":[{"start":{"line":393,"
[...]
decl":{"start":{"line":146,"column":8},"end":{"line":146,"column":22}},"loc":{"start":{"line":146,"column":63},"end":{"line":202,"column":3}},"line":146},"4":{"name":"analyzeFailures","decl":{"start":{"line":207,"column":2},"end":{"line":207,"column":17}},"loc":{"start":{"line":207,"column":28},"end":{"line":236,"column":3}},"line":207},"5":{"name":"(anonymous_5)","decl":{"start":{"line":210,"column":31},"end":{"line":210,"column":32}},"loc":{"start":{"line":210,"column":36},"end":{"line":210,"column":42}},"line":210},"6":{"name":"(anonymous_6)","decl":{"start":{"line":214,"column":36},"end":{"line":214,"column":37}},"loc":{"start":{"line":214,"column":51},"end":{"line":217,"column":5}},"line":214},"7":{"name":"(anonymous_7)","decl":{"start":{"line":221,"column":12},"end":{"line":221,"column":13}},"loc":{"start":{"line":221,"column":30},"end":{"line":221,"column":35}},"line":221},"8":{"name":"isEscalatingPattern","decl":{"start":{"line":241,"column":2},"end":{"line":241,"column":21}},"loc":{"start":{"line":241,"column":32},"end":{"line":264,"column":3}},"line":241},"9":{"name":"getRecommendation","decl":{"start":{"line":269,"column":2},"end":{"line":269,"column":19}},"loc":{"start":{"line":269,"column":61},"end":{"line":300,"column":3}},"line":269},"10":{"name":"sleep","decl":{"start":{"line":305,"column":2},"end":{"line":305,"column":7}},"loc":{"start":{"line":305,"column":12},"end":{"line":307,"column":3}},"line":305},"11":{"name":"(anonymous_11)","decl":{"start":{"line":306,"column":23},"end":{"line":306,"column":30}},"loc":{"start":{"line":306,"column":34},"end":{"line":306,"column":57}},"line":306},"12":{"name":"wrap","decl":{"start":{"line":312,"column":2},"end":{"line":312,"column":6}},"loc":{"start":{"line":312,"column":25},"end":{"line":316,"column":3}},"line":312},"13":{"name":"(anonymous_13)","decl":{"start":{"line":313,"column":11},"end":{"line":313,"column":16}},"loc":{"start":{"line":313,"column":30},"end":{"line":315,"column":5}},"line":313},"14":{"name":"(anonymous_14)","decl":{"start":{"line":314,"column":32},"end":{"line":314,"column":33}},"loc":{"start":{"line":314,"column":38},"end":{"line":314,"column":49}},"line":314},"15":{"name":"retry","decl":{"start":{"line":325,"column":22},"end":{"line":325,"column":27}},"loc":{"start":{"line":325,"column":53},"end":{"line":327,"column":1}},"line":325}},"branchMap":{"0":{"loc":{"start":{"line":10,"column":14},"end":{"line":10,"column":26}},"type":"default-arg","locations":[{"start":{"line":10,"column":24},"end":{"line":10,"column":26}}],"line":10},"1":{"loc":{"start":{"line":24,"column":27},"end":{"line":24,"column":39}},"type":"default-arg","locations":[{"start":{"line":24,"column":37},"end":{"line":24,"column":39}}],"line":24},"2":{"loc":{"start":{"line":35,"column":8},"end":{"line":41,"column":9}},"type":"if","locations":[{"start":{"line":35,"column":8},"end":{"line":41,"column":9}},{"start":{},"end":{}}],"line":35},"3":{"loc":{"start":{"line":58,"column":8},"end":{"line":72,"column":9}},"type":"if","locations":[{"start":{"line":58,"column":8},"end":{"line":72,"column":9}},{"start":{},"end":{}}],"line":58},"4":{"loc":{"start":{"line":93,"column":20},"end":{"line":93,"column":54}},"type":"binary-expr","locations":[{"start":{"line":93,"column":20},"end":{"line":93,"column":48}},{"start":{"line":93,"column":52},"end":{"line":93,"column":54}}],"line":93},"5":{"loc":{"start":{"line":94,"column":19},"end":{"line":94,"column":51}},"type":"binary-expr","locations":[{"start":{"line":94,"column":19},"end":{"line":94,"column":31}},{"start":{"line":94,"column":35},"end":{"line":94,"column":51}}],"line":94},"6":{"loc":{"start":{"line":97,"column":4},"end":{"line":99,"column":5}},"type":"if","locations":[{"start":{"line":97,"column":4},"end":{"line":99,"column":5}},{"start":{},"end":{}}],"line":97},"7":{"loc":{"start":{"line":97,"column":8},"end":{"line":97,"column":68}},"type":"binary-expr","locations":[{"start":{"line":97,"column":8},"end":{"line":97,"column":35}},{"start":{"line":97,"column":39},"end":{"line":97,"column":68}}],"line":97},"8":{"loc":{"start":{"line":100,"column":4},"end":{"line":102,"column":5}},"type":"if","locations":[{"start":{"line":100,"column":4},"end":{"line":102,"column":5}},{"start":{},"end":{}}],"line":100},"9":{"loc":{"start":{"line":100,"column":8},"end":{"line":100,"column":71}},"type":"binary-expr","locations":[{"start":{"line":100,"column":8},"end":{"line":100,"column":35}},{"start":{"line":100,"column":39},"end":{"line":100,"column":71}}],"line":100},"10":{"loc":{"start":{"line":105,"column":4},"end":{"line":107,"column":5}},"type":"if","locations":[{"start":{"line":105,"column":4},"end":{"line":107,"column":5}},{"start":{},"end":{}}],"line":105},"11":{"loc":{"start":{"line":105,"column":8},"end":{"line":105,"column":56}},"type":"binary-expr","locations":[{"start":{"line":105,"column":8},"end":{"line":105,"column":22}},{"start":{"line":105,"column":26},"end":{"line":105,"column":56}}],"line":105},"12":{"loc":{"start":{"line":108,"column":4},"end":{"line":110,"column":5}},"type":"if","locations":[{"start":{"line":108,"column":4},"end":{"line":110,"column":5}},{"start":{},"end":{}}],"line":108},"13":{"loc":{"start":{"line":108,"column":8},"end":{"line":108,"column":55}},"type":"binary-expr","locations":[{"start":{"line":108,"column":8},"end":{"line":108,"column":22}},{"start":{"line":108,"column":26},"end":{"line":108,"column":55}}],"line":108},"14":{"loc":{"start":{"line":111,"column":4},"end":{"line":113,"column":5}},"type":"if","locations":[{"start":{"line":111,"column":4},"end":{"line":113,"column":5}},{"start":{},"end":{}}],"line":111},"15":{"loc":{"start":{"line":111,"column":8},"end":{"line":111,"column":58}},"type":"binary-expr","locations":[{"start":{"line":111,"column":8},"end":{"line":111,"column":22}},{"start":{"line":111,"column":26},"end":{"line":111,"column":58}}],"line":111},"16":{"loc":{"start":{"line":114,"column":4},"end":{"line":116,"column":5}},"type":"if","locations":[{"start":{"line":114,"column":4},"end":{"line":116,"column":5}},{"start":{},"end":{}}],"line":114},"17":{"loc":{"start":{"line":114,"column":8},"end":{"line":114,"column":40}},"type":"binary-expr","locations":[{"start":{"line":114,"column":8},"end":{"line":114,"column":22}},{"start":{"line":114,"column":26},"end":{"line":114,"column":40}}],"line":114},"18":{"loc":{"start":{"line":117,"column":4},"end":{"line":119,"column":5}},"type":"if","locations":[{"start":{"line":117,"column":4},"end":{"line":119,"column":5}},{"start":{},"end":{}}],"line":117},"19":{"loc":{"start":{"line":122,"column":4},"end":{"line":124,"column":5}},"type":"if","locations":[{"start":{"line":122,"column":4},"end":{"line":124,"column":5}},{"start":{},"end":{}}],"line":122},"20":{"loc":{"start":{"line":122,"column":8},"end":{"line":122,"column":68}},"type":"binary-expr","locations":[{"start":{"line":122,"column":8},"end":{"line":122,"column":35}},{"start":{"line":122,"column":39},"end":{"line":122,"column":68}}],"line":122},"21":{"loc":{"start":{"line":125,"column":4},"end":{"line":127,"column":5}},"type":"if","locations":[{"start":{"line":125,"column":4},"end":{"line":127,"column":5}},{"start":{},"end":{}}],"line":125},"22":{"loc":{"start":{"line":125,"column":8},"end":{"line":125,"column":65}},"type":"binary-expr","locations":[{"start":{"line":125,"column":8},"end":{"line":125,"column":35}},{"start":{"line":125,"column":39},"end":{"line":125,"column":65}}],"line":125},"23":{"loc":{"start":{"line":128,"column":4},"end":{"line":130,"column":5}},"type":"if","locations":[{"start":{"line":128,"column":4},"end":{"line":130,"column":5}},{"start":{},"end":{}}],"line":128},"24":{"loc":{"start":{"line":128,"column":8},"end":{"line":128,"column":66}},"type":"binary-expr","locations":[{"start":{"line":128,"column":8},"end":{"line":128,"column":35}},{"start":{"line":128,"column":39},"end":{"line":128,"column":66}}],"line":128},"25":{"loc":{"start":{"line":133,"column":4},"end":{"line":135,"column":5}},"type":"if","locations":[{"start":{"line":133,"column":4},"end":{"line":135,"column":5}},{"start":{},"end":{}}],"line":133},"26":{"loc":{"start":{"line":133,"column":8},"end":{"line":133,"column":77}},"type":"binary-expr","locations":[{"start":{"line":133,"column":8},"end":{"line":133,"column":40}},{"start":{"line":133,"column":44},"end":{"line":133,"column":77}}],"line":133},"27":{"loc":{"start":{"line":136,"column":4},"end":{"line":138,"column":5}},"type":"if","locations":[{"start":{"line":136,"column":4},"end":{"line":138,"column":5}},{"start":{},"end":{}}],"line":136},"28":{"loc":{"start":{"line":136,"column":8},"end":{"line":136,"column":64}},"type":"binary-expr","locations":[{"start":{"line":136,"column":8},"end":{"line":136,"column":33}},{"start":{"line":136,"column":37},"end":{"line":136,"column":64}}],"line":136},"29":{"loc":{"start":{"line":151,"column":4},"end":{"line":193,"column":5}},"type":"switch","locations":[{"start":{"line":152,"column":6},"end":{"line":155,"column":13}},{"start":{"line":157,"column":6},"end":{"line":157,"column":27}},{"start":{"line":158,"column":6},"end":{"line":158,"column":21}},{"start":{"line":159,"column":6},"end":{"line":162,"column":13}},{"start":{"line":164,"column":6},"end":{"line":167,"column":13}},{"start":{"line":169,"column":6},"end":{"line":169,"column":21}},{"start":{"line":170,"column":6},"end":{"line":173,"column":13}},{"start":{"line":175,"column":6},"end":{"line":178,"column":13}},{"start":{"line":180,"column":6},"end":{"line":180,"column":26}},{"start":{"line":181,"column":6},"end":{"line":184,"column":13}},{"start":{"line":186,"column":6},"end":{"line":192,"column":9}}],"line":151},"30":{"loc":{"start":{"line":188,"column":8},"end":{"line":192,"column":9}},"type":"if","locations":[{"start":{"line":188,"column":8},"end":{"line":192,"column":9}},{"start":{"line":190,"column":15},"end":{"line":192,"column":9}}],"line":188},"31":{"loc":{"start":{"line":196,"column":4},"end":{"line":199,"column":5}},"type":"if","locations":[{"start":{"line":196,"column":4},"end":{"line":199,"column":5}},{"start":{},"end":{}}],"line":196},"32":{"loc":{"start":{"line":208,"column":4},"end":{"line":208,"column":42}},"type":"if","locations":[{"start":{"line":208,"column":4},"end":{"line":208,"column":42}},{"start":{},"end":{}}],"line":208},"33":{"loc":{"start":{"line":215,"column":19},"end":{"line":215,"column":33}},"type":"binary-expr","locations":[{"start":{"line":215,"column":19},"end":{"line":215,"column":28}},{"start":{"line":215,"column":32},"end":{"line":215,"column":33}}],"line":215},"34":{"loc":{"start":{"line":242,"column":4},"end":{"line":242,"column":41}},"type":"if","locations":[{"start":{"line":242,"column":4},"end":{"line":242,"column":41}},{"start":{},"end":{}}],"line":242},"35":{"loc":{"start":{"line":256,"column":27},"end":{"line":256,"column":62}},"type":"binary-expr","locations":[{"start":{"line":256,"column":27},"end":{"line":256,"column":57}},{"start":{"line":256,"column":61},"end":{"line":256,"column":62}}],"line":256},"36":{"loc":{"start":{"line":257,"column":27},"end":{"line":257,"column":58}},"type":"binary-expr","locations":[{"start":{"line":257,"column":27},"end":{"line":257,"column":53}},{"start":{"line":257,"column":57},"end":{"line":257,"column":58}}],"line":257},"37":{"loc":{"start":{"line":258,"column":6},"end":{"line":260,"column":7}},"type":"if","locations":[{"start":{"line":258,"column":6},"end":{"line":260,"column":7}},{"start":{},"end":{}}],"line":258},"38":{"loc":{"start":{"line":270,"column":4},"end":{"line":299,"column":5}},"type":"switch","locations":[{"start":{"line":271,"column":6},"end":{"line":272,"column":64}},{"start":{"line":274,"column":6},"end":{"line":274,"column":27}},{"start":{"line":275,"column":6},"end":{"line":276,"column":67}},{"start":{"line":278,"column":6},"end":{"line":279,"column":53}},{"start":{"line":281,"column":6},"end":{"line":282,"column":40}},{"start":{"line":284,"column":6},"end":{"line":284,"column":21}},{"start":{"line":285,"column":6},"end":{"line":286,"column":57}},{"start":{"line":288,"column":6},"end":{"line":289,"column":43}},{"start":{"line":291,"column":6},"end":{"line":292,"column":36}},{"start":{"line":294,"column":6},"end":{"line":298,"column":47}}],"line":270},"39":{"loc":{"start":{"line":295,"column":8},"end":{"line":297,"column":9}},"type":"if","locations":[{"start":{"line":295,"column":8},"end":{"line":297,"column":9}},{"start":{},"end":{}}],"line":295},"40":{"loc":{"start":{"line":295,"column":12},"end":{"line":295,"column":44}},"type":"binary-expr","locations":[{"start":{"line":295,"column":12},"end":{"line":295,"column":24}},{"start":{"line":295,"column":28},"end":{"line":295,"column":44}}],"line":295},"41":{"loc":{"start":{"line":312,"column":11},"end":{"line":312,"column":23}},"type":"default-arg","locations":[{"start":{"line":312,"column":21},"end":{"line":312,"column":23}}],"line":312},"42":{"loc":{"start":{"line":325,"column":39},"end":{"line":325,"column":51}},"type":"default-arg","locations":[{"start":{"line":325,"column":49},"end":{"line":325,"column":51}}],"line":325}},"s":{"0":2,"1":4,"2":0,"3":0,"4":0,"5":0,"6":0,"7":0,"8":0,"9":0,"10":0,"11":0,"12":0,"13":0,"14":0,"15":0,"16":0,"17":0,"18":0,"19":0,"20":0,"21":0,"22":0,"23":0,"24":0,"25":0,"26":0,"27":0,"28":0,"29":0,"30":0,"31":0,"32":0,"33":0,"34":0,"35":0,"36":0,"37":0,"38":0,"39":0,"40":0,"41":0,"42":0,"43":0,"44":0,"45":0,"46":0,"47":0,"48":0,"49":0,"50":0,"51":0,"52":0,"53":0,"54":0,"55":0,"56":0,"57":0,"58":0,"59":0,"60":0,"61":0,"62":0,"63":0,"64":0,"65":0,"66":0,"67":0,"68":0,"69":0,"70":0,"71":0,"72":0,"73":0,"74":0,"75":0,"76":0,"77":0,"78":0,"79":0,"80":0,"81":0,"82":0,"83":0,"84":0,"85":0,"86":0,"87":0,"88":0,"89":0,"90":0,"91":0,"92":0,"93":0,"94":0,"95":0,"96":0,"97":0,"98":0,"99":0,"100":0,"101":0,"102":0,"103":0,"104":0,"105":0,"106":0,"107":0,"108":0,"109":0,"110":2,"111":0},"f":{"0":4,"1":0,"2":0,"3":0,"4":0,"5":0,"6":0,"7":0,"8":0,"9":0,"10":0,"11":0,"12":0,"13":0,"14":0,"15":0},"b":{"0":[4],"1":[0],"2":[0,0],"3":[0,0],"4":[0,0],"5":[0,0],"6":[0,0],"7":[0,0],"8":[0,0],"9":[0,0],"10":[0,0],"11":[0,0],"12":[0,0],"13":[0,0],"14":[0,0],"15":[0,0],"16":[0,0],"17":[0,0],"18":[0,0],"19":[0,0],"20":[0,0],"21":[0,0],"22":[0,0],"23":[0,0],"24":[0,0],"25":[0,0],"26":[0,0],"27":[0,0],"28":[0,0],"29":[0,0,0,0,0,0,0,0,0,0,0],"30":[0,0],"31":[0,0],"32":[0,0],"33":[0,0],"34":[0,0],"35":[0,0],"36":[0,0],"37":[0,0],"38":[0,0,0,0,0,0,0,0,0,0],"39":[0,0],"40":[0,0],"41":[0],"42":[0]},"meta":{"lastBranch":43,"lastFunction":16,"lastStatement":112,"seen":{"s:3:11:3:44":0,"f:10:2:10:13":0,"b:10:24:10:26":0,"s:11:4:18:5":1,"f:24:8:24:15":1,"b:24:37:24:39":1,"s:25:19:25:57":2,"s:26:21:26:23":3,"s:27:22:27:32":4,"s:29:4:86:5":5,"s:29:23:29:24":6,"s:30:6:85:7":7,"s:31:8:31:85":8,"s:33:23:33:47":9,"b:35:8:41:9:undefined:undefined:undefined:undefined":2,"s:35:8:41:9":10,"s:36:10:40:12":11,"s:43:8:43:69":12,"s:45:28:51:9":13,"s:53:8:53:34":14,"s:55:8:55:49":15,"b:58:8:72:9:undefined:undefined:undefined:undefined":3,"s:58:8:72:9":16,"s:59:10:63:12":17,"s:65:10:71:11":18,"s:75:22:75:87":19,"s:77:8:82:10":20,"s:84:8:84:31":21,"f:92:2:92:15":2,"s:93:20:93:54":22,"b:93:20:93:48:93:52:93:54":4,"s:94:19:94:51":23,"b:94:19:94:31:94:35:94:51":5,"b:97:4:99:5:undefined:undefined:undefined:undefined":6,"s:97:4:99:5":24,"b:97:8:97:35:97:39:97:68":7,"s:98:6:98:22":25,"b:100:4:102:5:undefined:undefined:undefined:undefined":8,"s:100:4:102:5":26,"b:100:8:100:35:100:39:100:71":9,"s:101:6:101:22":27,"b:105:4:107:5:undefined:undefined:undefined:undefined":10,"s:105:4:107:5":28,"b:105:8:105:22:105:26:105:56":11,"s:106:6:106:25":29,"b:108:4:110:5:undefined:undefined:undefined:undefined":12,"s:108:4:110:5":30,"b:108:8:108:22:108:26:108:55":13,"s:109:6:109:24":31,"b:111:4:113:5:undefined:undefined:undefined:undefined":14,"s:111:4:113:5":32,"b:111:8:111:22:111:26:111:58":15,"s:112:6:112:27":33,"b:114:4:116:5:undefined:undefined:undefined:undefined":16,"s:114:4:116:5":34,"b:114:8:114:22:114:26:114:40":17,"s:115:6:115:28":35,"b:117:4:119:5:undefined:undefined:undefined:undefined":18,"s:117:4:119:5":36,"s:118:6:118:27":37,"b:122:4:124:5:undefined:undefined:undefined:undefined":19,"s:122:4:124:5":38,"b:122:8:122:35:122:39:122:68":20,"s:123:6:123:22":39,"b:125:4:127:5:undefined:undefined:undefined:undefined":21,"s:125:4:127:5":40,"b:125:8:125:35:125:39:125:65":22,"s:126:6:126:22":41,"b:128:4:130:5:undefined:undefined:undefined:undefined":23,"s:128:4:130:5":42,"b:128:8:128:35:128:39:128:66":24,"s:129:6:129:30":43,"b:133:4:135:5:undefined:undefined:undefined:undefined":25,"s:133:4:135:5":44,"b:133:8:133:40:133:44:133:77":26,"s:134:6:134:27":45,"b:136:4:138:5:undefined:undefined:undefined:undefined":27,"s:136:4:138:5":46,"b:136:8:136:33:136:37:136:64":28,"s:137:6:137:20":47,"s:140:4:140:20":48,"f:146:8:146:22":3,"s:147:21:147:32":49,"s:148:16:148:32":50,"b:152:6:155:13:157:6:157:27:158:6:158:21:159:6:162:13:164:6:167:13:169:6:169:21:170:6:173:13:175:6:178:13:180:6:180:26:181:6:184:13:186:6:192:9":29,"s:151:4:193:5":51,"s:154:8:154:86":52,"s:155:8:155:13":53,"s:161:8:161:82":54,"s:162:8:162:13":55,"s:166:8:166:82":56,"s:167:8:167:13":57,"s:172:8:172:73":58,"s:173:8:173:13":59,"s:177:8:177:32":60,"s:178:8:178:13":61,"s:183:8:183:63":62,"s:184:8:184:13":63,"b:188:8:192:9:190:15:192:9":30,"s:188:8:192:9":64,"s:189:10:189:88":65,"s:191:10:191:34":66,"b:196:4:199:5:undefined:undefined:undefined:undefined":31,"s:196:4:199:5":67,"s:197:27:197:38":68,"s:198:6:198:71":69,"s:201:4:201:28":70,"f:207:2:207:17":4,"b:208:4:208:42:undefined:undefined:undefined:undefined":32,"s:208:4:208:42":71,"s:208:31:208:42":72,"s:210:18:210:43":73,"f:210:31:210:32":5,"s:210:36:210:42":74,"s:211:24:211:43":75,"s:214:23:217:10":76,"f:214:36:214:37":6,"s:215:6:215:38":77,"b:215:19:215:28:215:32:215:33":33,"s:216:6:216:16":78,"s:220:24:221:42":79,"f:221:12:221:13":7,"s:221:30:221:35":80,"s:224:25:224:49":81,"s:225:25:225:59":82,"s:227:4:235:5":83,"f:241:2:241:21":8,"b:242:4:242:41:undefined:undefined:undefined:undefined":34,"s:242:4:242:41":84,"s:242:29:242:41":85,"s:244:21:253:5":86,"s:255:4:261:5":87,"s:255:17:255:18":88,"s:256:27:256:62":89,"b:256:27:256:57:256:61:256:62":35,"s:257:27:257:58":90,"b:257:27:257:53:257:57:257:58":36,"b:258:6:260:7:undefined:undefined:undefined:undefined":37,"s:258:6:260:7":91,"s:259:8:259:19":92,"s:263:4:263:16":93,"f:269:2:269:19":9,"b:271:6:272:64:274:6:274:27:275:6:276:67:278:6:279:53:281:6:282:40:284:6:284:21:285:6:286:57:288:6:289:43:291:6:292:36:294:6:298:47":38,"s:270:4:299:5":94,"s:272:8:272:64":95,"s:276:8:276:67":96,"s:279:8:279:53":97,"s:282:8:282:40":98,"s:286:8:286:57":99,"s:289:8:289:43":100,"s:292:8:292:36":101,"b:295:8:297:9:undefined:undefined:undefined:undefined":39,"s:295:8:297:9":102,"b:295:12:295:24:295:28:295:44":40,"s:296:10:296:71":103,"s:298:8:298:47":104,"f:305:2:305:7":10,"s:306:4:306:58":105,"f:306:23:306:30":11,"s:306:34:306:57":106,"f:312:2:312:6":12,"b:312:21:312:23":41,"s:313:4:315:5":107,"f:313:11:313:16":13,"s:314:6:314:59":108,"f:314:32:314:33":14,"s:314:38:314:49":109,"s:320:26:320:42":110,"f:325:22:325:27":15,"b:325:49:325:51":42,"s:326:2:326:53":111},"fnNames":{}}}
,"C:\\Users\\kaib1\\OneDrive\\Desktop\\Projects\\PokeBot 2\\src\\shared\\constants.js": {"path":"C:\\Users\\kaib1\\OneDrive\\Desktop\\Projects\\PokeBot 2\\src\\shared\\constants.js","statementMap":{"0":{"start":{"line":1,"column":25},"end":{"line":9,"column":1}},"1":{"start":{"line":11,"column":19},"end":{"line":67,"column":1}},"2":{"start":{"line":69,"column":35},"end":{"line":72,"column":1}},"3":{"start":{"line":74,"column":26},"end":{"line":78,"column":1}},"4":{"start":{"line":80,"column":26},"end":{"line":84,"column":1}},"5":{"start":{"line":86,"column":32},"end":{"line":90,"column":1}}},"fnMap":{},"branchMap":{},"s":{"0":7,"1":7,"2":7,"3":7,"4":7,"5":7},"f":{},"b":{},"meta":{"lastBranch":0,"lastFunction":0,"lastStatement":6,"seen":{"s:1:25:9:1":0,"s:11:19:67:1":1,"s:69:35:72:1":2,"s:74:26:78:1":3,"s:80:26:84:1":4,"s:86:32:90:1":5},"fnNames":{}}}
}
